Sistema: Windows 10
Java: 11.0.14.1
JavaHome: C:\Arquivos de Programas RFB\IRPF2022\java-runtime
java.util.concurrent.ExecutionException: serpro.ppgd.irpf.exception.AplicacaoException: Não foi possível realizar a verificação de disponibilidade de novas versões. Verifique sua conexão com a Internet e tente novamente mais tarde.
	at java.base/java.util.concurrent.FutureTask.report(Unknown Source)
	at java.base/java.util.concurrent.FutureTask.get(Unknown Source)
	at java.desktop/javax.swing.SwingWorker.get(Unknown Source)
	at serpro.ppgd.app.acoes.VerificarNovaVersaoAction$1.done(VerificarNovaVersaoAction.java:78)
	at java.desktop/javax.swing.SwingWorker$5.run(Unknown Source)
	at java.desktop/javax.swing.SwingWorker$DoSubmitAccumulativeRunnable.run(Unknown Source)
	at java.desktop/sun.swing.AccumulativeRunnable.run(Unknown Source)
	at java.desktop/javax.swing.SwingWorker$DoSubmitAccumulativeRunnable.actionPerformed(Unknown Source)
	at java.desktop/javax.swing.Timer.fireActionPerformed(Unknown Source)
	at java.desktop/javax.swing.Timer$DoPostEvent.run(Unknown Source)
	at java.desktop/java.awt.event.InvocationEvent.dispatch(Unknown Source)
	at java.desktop/java.awt.EventQueue.dispatchEventImpl(Unknown Source)
	at java.desktop/java.awt.EventQueue$4.run(Unknown Source)
	at java.desktop/java.awt.EventQueue$4.run(Unknown Source)
	at java.base/java.security.AccessController.doPrivileged(Native Method)
	at java.base/java.security.ProtectionDomain$JavaSecurityAccessImpl.doIntersectionPrivilege(Unknown Source)
	at java.desktop/java.awt.EventQueue.dispatchEvent(Unknown Source)
	at java.desktop/java.awt.EventDispatchThread.pumpOneEventForFilters(Unknown Source)
	at java.desktop/java.awt.EventDispatchThread.pumpEventsForFilter(Unknown Source)
	at java.desktop/java.awt.EventDispatchThread.pumpEventsForHierarchy(Unknown Source)
	at java.desktop/java.awt.EventDispatchThread.pumpEvents(Unknown Source)
	at java.desktop/java.awt.EventDispatchThread.pumpEvents(Unknown Source)
	at java.desktop/java.awt.EventDispatchThread.run(Unknown Source)
Caused by: serpro.ppgd.irpf.exception.AplicacaoException: Não foi possível realizar a verificação de disponibilidade de novas versões. Verifique sua conexão com a Internet e tente novamente mais tarde.
	at serpro.ppgd.irpf.util.update.IRPFUpdater.verificarUltimaVersao(IRPFUpdater.java:250)
	at serpro.ppgd.irpf.util.update.IRPFUpdater.verificarUltimaVersaoOnline(IRPFUpdater.java:293)
	at serpro.ppgd.app.acoes.VerificarNovaVersaoAction$1.doInBackground(VerificarNovaVersaoAction.java:70)
	at serpro.ppgd.app.acoes.VerificarNovaVersaoAction$1.doInBackground(VerificarNovaVersaoAction.java:1)
	at java.desktop/javax.swing.SwingWorker$1.call(Unknown Source)
	at java.base/java.util.concurrent.FutureTask.run(Unknown Source)
	at java.desktop/javax.swing.SwingWorker.run(Unknown Source)
	at java.base/java.util.concurrent.ThreadPoolExecutor.runWorker(Unknown Source)
	at java.base/java.util.concurrent.ThreadPoolExecutor$Worker.run(Unknown Source)
	at java.base/java.lang.Thread.run(Unknown Source)
Caused by: br.gov.serpro.updater.AtualizacaoException: Ocorreu um erro durante a verificação da última versão do aplicativo.
	at br.gov.serpro.updater.PgdUpdater.getLatestRelease(PgdUpdater.java:506)
	at serpro.ppgd.irpf.util.update.IRPFUpdater.verificarUltimaVersao(IRPFUpdater.java:248)
	... 9 more
Caused by: java.net.SocketTimeoutException: connect timed out
	at java.base/java.net.PlainSocketImpl.waitForConnect(Native Method)
	at java.base/java.net.PlainSocketImpl.socketConnect(Unknown Source)
	at java.base/java.net.AbstractPlainSocketImpl.doConnect(Unknown Source)
	at java.base/java.net.AbstractPlainSocketImpl.connectToAddress(Unknown Source)
	at java.base/java.net.AbstractPlainSocketImpl.connect(Unknown Source)
	at java.base/java.net.Socket.connect(Unknown Source)
	at java.base/sun.net.NetworkClient.doConnect(Unknown Source)
	at java.base/sun.net.www.http.HttpClient.openServer(Unknown Source)
	at java.base/sun.net.www.http.HttpClient.openServer(Unknown Source)
	at java.base/sun.net.www.http.HttpClient.<init>(Unknown Source)
	at java.base/sun.net.www.http.HttpClient.New(Unknown Source)
	at java.base/sun.net.www.http.HttpClient.New(Unknown Source)
	at java.base/sun.net.www.protocol.http.HttpURLConnection.getNewHttpClient(Unknown Source)
	at java.base/sun.net.www.protocol.http.HttpURLConnection.plainConnect0(Unknown Source)
	at java.base/sun.net.www.protocol.http.HttpURLConnection.plainConnect(Unknown Source)
	at java.base/sun.net.www.protocol.http.HttpURLConnection.connect(Unknown Source)
	at java.base/sun.net.www.protocol.http.HttpURLConnection.getInputStream0(Unknown Source)
	at java.base/sun.net.www.protocol.http.HttpURLConnection.getInputStream(Unknown Source)
	at jupar.parsers.ReleaseXMLParser.parse(ReleaseXMLParser.java:70)
	at br.gov.serpro.updater.PgdUpdater.getLatestRelease(PgdUpdater.java:503)
	... 10 more
Warning: Could not get charToByteConverterClass!
Sistema: Windows 10
Java: 11.0.14.1
JavaHome: C:\Arquivos de Programas RFB\IRPF2022\java-runtime
java.util.concurrent.ExecutionException: serpro.ppgd.irpf.exception.AplicacaoException: Não foi possível realizar a verificação de disponibilidade de novas versões. Verifique sua conexão com a Internet e tente novamente mais tarde.
	at java.base/java.util.concurrent.FutureTask.report(Unknown Source)
	at java.base/java.util.concurrent.FutureTask.get(Unknown Source)
	at java.desktop/javax.swing.SwingWorker.get(Unknown Source)
	at serpro.ppgd.app.acoes.VerificarNovaVersaoAction$1.done(VerificarNovaVersaoAction.java:78)
	at java.desktop/javax.swing.SwingWorker$5.run(Unknown Source)
	at java.desktop/javax.swing.SwingWorker$DoSubmitAccumulativeRunnable.run(Unknown Source)
	at java.desktop/sun.swing.AccumulativeRunnable.run(Unknown Source)
	at java.desktop/javax.swing.SwingWorker$DoSubmitAccumulativeRunnable.actionPerformed(Unknown Source)
	at java.desktop/javax.swing.Timer.fireActionPerformed(Unknown Source)
	at java.desktop/javax.swing.Timer$DoPostEvent.run(Unknown Source)
	at java.desktop/java.awt.event.InvocationEvent.dispatch(Unknown Source)
	at java.desktop/java.awt.EventQueue.dispatchEventImpl(Unknown Source)
	at java.desktop/java.awt.EventQueue$4.run(Unknown Source)
	at java.desktop/java.awt.EventQueue$4.run(Unknown Source)
	at java.base/java.security.AccessController.doPrivileged(Native Method)
	at java.base/java.security.ProtectionDomain$JavaSecurityAccessImpl.doIntersectionPrivilege(Unknown Source)
	at java.desktop/java.awt.EventQueue.dispatchEvent(Unknown Source)
	at java.desktop/java.awt.EventDispatchThread.pumpOneEventForFilters(Unknown Source)
	at java.desktop/java.awt.EventDispatchThread.pumpEventsForFilter(Unknown Source)
	at java.desktop/java.awt.EventDispatchThread.pumpEventsForHierarchy(Unknown Source)
	at java.desktop/java.awt.EventDispatchThread.pumpEvents(Unknown Source)
	at java.desktop/java.awt.EventDispatchThread.pumpEvents(Unknown Source)
	at java.desktop/java.awt.EventDispatchThread.run(Unknown Source)
Caused by: serpro.ppgd.irpf.exception.AplicacaoException: Não foi possível realizar a verificação de disponibilidade de novas versões. Verifique sua conexão com a Internet e tente novamente mais tarde.
	at serpro.ppgd.irpf.util.update.IRPFUpdater.verificarUltimaVersao(IRPFUpdater.java:250)
	at serpro.ppgd.irpf.util.update.IRPFUpdater.verificarUltimaVersaoOnline(IRPFUpdater.java:293)
	at serpro.ppgd.app.acoes.VerificarNovaVersaoAction$1.doInBackground(VerificarNovaVersaoAction.java:70)
	at serpro.ppgd.app.acoes.VerificarNovaVersaoAction$1.doInBackground(VerificarNovaVersaoAction.java:1)
	at java.desktop/javax.swing.SwingWorker$1.call(Unknown Source)
	at java.base/java.util.concurrent.FutureTask.run(Unknown Source)
	at java.desktop/javax.swing.SwingWorker.run(Unknown Source)
	at java.base/java.util.concurrent.ThreadPoolExecutor.runWorker(Unknown Source)
	at java.base/java.util.concurrent.ThreadPoolExecutor$Worker.run(Unknown Source)
	at java.base/java.lang.Thread.run(Unknown Source)
Caused by: br.gov.serpro.updater.AtualizacaoException: Ocorreu um erro durante a verificação da última versão do aplicativo.
	at br.gov.serpro.updater.PgdUpdater.getLatestRelease(PgdUpdater.java:506)
	at serpro.ppgd.irpf.util.update.IRPFUpdater.verificarUltimaVersao(IRPFUpdater.java:248)
	... 9 more
Caused by: java.net.SocketTimeoutException: connect timed out
	at java.base/java.net.PlainSocketImpl.waitForConnect(Native Method)
	at java.base/java.net.PlainSocketImpl.socketConnect(Unknown Source)
	at java.base/java.net.AbstractPlainSocketImpl.doConnect(Unknown Source)
	at java.base/java.net.AbstractPlainSocketImpl.connectToAddress(Unknown Source)
	at java.base/java.net.AbstractPlainSocketImpl.connect(Unknown Source)
	at java.base/java.net.Socket.connect(Unknown Source)
	at java.base/sun.net.NetworkClient.doConnect(Unknown Source)
	at java.base/sun.net.www.http.HttpClient.openServer(Unknown Source)
	at java.base/sun.net.www.http.HttpClient.openServer(Unknown Source)
	at java.base/sun.net.www.http.HttpClient.<init>(Unknown Source)
	at java.base/sun.net.www.http.HttpClient.New(Unknown Source)
	at java.base/sun.net.www.http.HttpClient.New(Unknown Source)
	at java.base/sun.net.www.protocol.http.HttpURLConnection.getNewHttpClient(Unknown Source)
	at java.base/sun.net.www.protocol.http.HttpURLConnection.plainConnect0(Unknown Source)
	at java.base/sun.net.www.protocol.http.HttpURLConnection.plainConnect(Unknown Source)
	at java.base/sun.net.www.protocol.http.HttpURLConnection.connect(Unknown Source)
	at java.base/sun.net.www.protocol.http.HttpURLConnection.getInputStream0(Unknown Source)
	at java.base/sun.net.www.protocol.http.HttpURLConnection.getInputStream(Unknown Source)
	at jupar.parsers.ReleaseXMLParser.parse(ReleaseXMLParser.java:70)
	at br.gov.serpro.updater.PgdUpdater.getLatestRelease(PgdUpdater.java:503)
	... 10 more
Warning: Could not get charToByteConverterClass!
Sistema: Windows 10
Java: 11.0.14.1
JavaHome: C:\Arquivos de Programas RFB\IRPF2022\java-runtime
Warning: Could not get charToByteConverterClass!
java.util.concurrent.ExecutionException: serpro.ppgd.irpf.exception.AplicacaoException: Não foi possível realizar a verificação de disponibilidade de novas versões. Verifique sua conexão com a Internet e tente novamente mais tarde.
	at java.base/java.util.concurrent.FutureTask.report(Unknown Source)
	at java.base/java.util.concurrent.FutureTask.get(Unknown Source)
	at java.desktop/javax.swing.SwingWorker.get(Unknown Source)
	at serpro.ppgd.app.acoes.VerificarNovaVersaoAction$1.done(VerificarNovaVersaoAction.java:78)
	at java.desktop/javax.swing.SwingWorker$5.run(Unknown Source)
	at java.desktop/javax.swing.SwingWorker$DoSubmitAccumulativeRunnable.run(Unknown Source)
	at java.desktop/sun.swing.AccumulativeRunnable.run(Unknown Source)
	at java.desktop/javax.swing.SwingWorker$DoSubmitAccumulativeRunnable.actionPerformed(Unknown Source)
	at java.desktop/javax.swing.Timer.fireActionPerformed(Unknown Source)
	at java.desktop/javax.swing.Timer$DoPostEvent.run(Unknown Source)
	at java.desktop/java.awt.event.InvocationEvent.dispatch(Unknown Source)
	at java.desktop/java.awt.EventQueue.dispatchEventImpl(Unknown Source)
	at java.desktop/java.awt.EventQueue$4.run(Unknown Source)
	at java.desktop/java.awt.EventQueue$4.run(Unknown Source)
	at java.base/java.security.AccessController.doPrivileged(Native Method)
	at java.base/java.security.ProtectionDomain$JavaSecurityAccessImpl.doIntersectionPrivilege(Unknown Source)
	at java.desktop/java.awt.EventQueue.dispatchEvent(Unknown Source)
	at java.desktop/java.awt.EventDispatchThread.pumpOneEventForFilters(Unknown Source)
	at java.desktop/java.awt.EventDispatchThread.pumpEventsForFilter(Unknown Source)
	at java.desktop/java.awt.EventDispatchThread.pumpEventsForHierarchy(Unknown Source)
	at java.desktop/java.awt.EventDispatchThread.pumpEvents(Unknown Source)
	at java.desktop/java.awt.EventDispatchThread.pumpEvents(Unknown Source)
	at java.desktop/java.awt.EventDispatchThread.run(Unknown Source)
Caused by: serpro.ppgd.irpf.exception.AplicacaoException: Não foi possível realizar a verificação de disponibilidade de novas versões. Verifique sua conexão com a Internet e tente novamente mais tarde.
	at serpro.ppgd.irpf.util.update.IRPFUpdater.verificarUltimaVersao(IRPFUpdater.java:250)
	at serpro.ppgd.irpf.util.update.IRPFUpdater.verificarUltimaVersaoOnline(IRPFUpdater.java:293)
	at serpro.ppgd.app.acoes.VerificarNovaVersaoAction$1.doInBackground(VerificarNovaVersaoAction.java:70)
	at serpro.ppgd.app.acoes.VerificarNovaVersaoAction$1.doInBackground(VerificarNovaVersaoAction.java:1)
	at java.desktop/javax.swing.SwingWorker$1.call(Unknown Source)
	at java.base/java.util.concurrent.FutureTask.run(Unknown Source)
	at java.desktop/javax.swing.SwingWorker.run(Unknown Source)
	at java.base/java.util.concurrent.ThreadPoolExecutor.runWorker(Unknown Source)
	at java.base/java.util.concurrent.ThreadPoolExecutor$Worker.run(Unknown Source)
	at java.base/java.lang.Thread.run(Unknown Source)
Caused by: br.gov.serpro.updater.AtualizacaoException: Ocorreu um erro durante a verificação da última versão do aplicativo.
	at br.gov.serpro.updater.PgdUpdater.getLatestRelease(PgdUpdater.java:506)
	at serpro.ppgd.irpf.util.update.IRPFUpdater.verificarUltimaVersao(IRPFUpdater.java:248)
	... 9 more
Caused by: java.net.SocketTimeoutException: connect timed out
	at java.base/java.net.PlainSocketImpl.waitForConnect(Native Method)
	at java.base/java.net.PlainSocketImpl.socketConnect(Unknown Source)
	at java.base/java.net.AbstractPlainSocketImpl.doConnect(Unknown Source)
	at java.base/java.net.AbstractPlainSocketImpl.connectToAddress(Unknown Source)
	at java.base/java.net.AbstractPlainSocketImpl.connect(Unknown Source)
	at java.base/java.net.Socket.connect(Unknown Source)
	at java.base/sun.net.NetworkClient.doConnect(Unknown Source)
	at java.base/sun.net.www.http.HttpClient.openServer(Unknown Source)
	at java.base/sun.net.www.http.HttpClient.openServer(Unknown Source)
	at java.base/sun.net.www.http.HttpClient.<init>(Unknown Source)
	at java.base/sun.net.www.http.HttpClient.New(Unknown Source)
	at java.base/sun.net.www.http.HttpClient.New(Unknown Source)
	at java.base/sun.net.www.protocol.http.HttpURLConnection.getNewHttpClient(Unknown Source)
	at java.base/sun.net.www.protocol.http.HttpURLConnection.plainConnect0(Unknown Source)
	at java.base/sun.net.www.protocol.http.HttpURLConnection.plainConnect(Unknown Source)
	at java.base/sun.net.www.protocol.http.HttpURLConnection.connect(Unknown Source)
	at java.base/sun.net.www.protocol.http.HttpURLConnection.getInputStream0(Unknown Source)
	at java.base/sun.net.www.protocol.http.HttpURLConnection.getInputStream(Unknown Source)
	at jupar.parsers.ReleaseXMLParser.parse(ReleaseXMLParser.java:70)
	at br.gov.serpro.updater.PgdUpdater.getLatestRelease(PgdUpdater.java:503)
	... 10 more
Sistema: Windows 10
Java: 11.0.14.1
JavaHome: C:\Arquivos de Programas RFB\IRPF2022\java-runtime
java.util.concurrent.ExecutionException: serpro.ppgd.irpf.exception.AplicacaoException: Não foi possível realizar a verificação de disponibilidade de novas versões. Verifique sua conexão com a Internet e tente novamente mais tarde.
	at java.base/java.util.concurrent.FutureTask.report(Unknown Source)
	at java.base/java.util.concurrent.FutureTask.get(Unknown Source)
	at java.desktop/javax.swing.SwingWorker.get(Unknown Source)
	at serpro.ppgd.app.acoes.VerificarNovaVersaoAction$1.done(VerificarNovaVersaoAction.java:78)
	at java.desktop/javax.swing.SwingWorker$5.run(Unknown Source)
	at java.desktop/javax.swing.SwingWorker$DoSubmitAccumulativeRunnable.run(Unknown Source)
	at java.desktop/sun.swing.AccumulativeRunnable.run(Unknown Source)
	at java.desktop/javax.swing.SwingWorker$DoSubmitAccumulativeRunnable.actionPerformed(Unknown Source)
	at java.desktop/javax.swing.Timer.fireActionPerformed(Unknown Source)
	at java.desktop/javax.swing.Timer$DoPostEvent.run(Unknown Source)
	at java.desktop/java.awt.event.InvocationEvent.dispatch(Unknown Source)
	at java.desktop/java.awt.EventQueue.dispatchEventImpl(Unknown Source)
	at java.desktop/java.awt.EventQueue$4.run(Unknown Source)
	at java.desktop/java.awt.EventQueue$4.run(Unknown Source)
	at java.base/java.security.AccessController.doPrivileged(Native Method)
	at java.base/java.security.ProtectionDomain$JavaSecurityAccessImpl.doIntersectionPrivilege(Unknown Source)
	at java.desktop/java.awt.EventQueue.dispatchEvent(Unknown Source)
	at java.desktop/java.awt.EventDispatchThread.pumpOneEventForFilters(Unknown Source)
	at java.desktop/java.awt.EventDispatchThread.pumpEventsForFilter(Unknown Source)
	at java.desktop/java.awt.EventDispatchThread.pumpEventsForHierarchy(Unknown Source)
	at java.desktop/java.awt.EventDispatchThread.pumpEvents(Unknown Source)
	at java.desktop/java.awt.EventDispatchThread.pumpEvents(Unknown Source)
	at java.desktop/java.awt.EventDispatchThread.run(Unknown Source)
Caused by: serpro.ppgd.irpf.exception.AplicacaoException: Não foi possível realizar a verificação de disponibilidade de novas versões. Verifique sua conexão com a Internet e tente novamente mais tarde.
	at serpro.ppgd.irpf.util.update.IRPFUpdater.verificarUltimaVersao(IRPFUpdater.java:250)
	at serpro.ppgd.irpf.util.update.IRPFUpdater.verificarUltimaVersaoOnline(IRPFUpdater.java:293)
	at serpro.ppgd.app.acoes.VerificarNovaVersaoAction$1.doInBackground(VerificarNovaVersaoAction.java:70)
	at serpro.ppgd.app.acoes.VerificarNovaVersaoAction$1.doInBackground(VerificarNovaVersaoAction.java:1)
	at java.desktop/javax.swing.SwingWorker$1.call(Unknown Source)
	at java.base/java.util.concurrent.FutureTask.run(Unknown Source)
	at java.desktop/javax.swing.SwingWorker.run(Unknown Source)
	at java.base/java.util.concurrent.ThreadPoolExecutor.runWorker(Unknown Source)
	at java.base/java.util.concurrent.ThreadPoolExecutor$Worker.run(Unknown Source)
	at java.base/java.lang.Thread.run(Unknown Source)
Caused by: br.gov.serpro.updater.AtualizacaoException: Ocorreu um erro durante a verificação da última versão do aplicativo.
	at br.gov.serpro.updater.PgdUpdater.getLatestRelease(PgdUpdater.java:506)
	at serpro.ppgd.irpf.util.update.IRPFUpdater.verificarUltimaVersao(IRPFUpdater.java:248)
	... 9 more
Caused by: java.net.SocketTimeoutException: connect timed out
	at java.base/java.net.PlainSocketImpl.waitForConnect(Native Method)
	at java.base/java.net.PlainSocketImpl.socketConnect(Unknown Source)
	at java.base/java.net.AbstractPlainSocketImpl.doConnect(Unknown Source)
	at java.base/java.net.AbstractPlainSocketImpl.connectToAddress(Unknown Source)
	at java.base/java.net.AbstractPlainSocketImpl.connect(Unknown Source)
	at java.base/java.net.Socket.connect(Unknown Source)
	at java.base/sun.net.NetworkClient.doConnect(Unknown Source)
	at java.base/sun.net.www.http.HttpClient.openServer(Unknown Source)
	at java.base/sun.net.www.http.HttpClient.openServer(Unknown Source)
	at java.base/sun.net.www.http.HttpClient.<init>(Unknown Source)
	at java.base/sun.net.www.http.HttpClient.New(Unknown Source)
	at java.base/sun.net.www.http.HttpClient.New(Unknown Source)
	at java.base/sun.net.www.protocol.http.HttpURLConnection.getNewHttpClient(Unknown Source)
	at java.base/sun.net.www.protocol.http.HttpURLConnection.plainConnect0(Unknown Source)
	at java.base/sun.net.www.protocol.http.HttpURLConnection.plainConnect(Unknown Source)
	at java.base/sun.net.www.protocol.http.HttpURLConnection.connect(Unknown Source)
	at java.base/sun.net.www.protocol.http.HttpURLConnection.getInputStream0(Unknown Source)
	at java.base/sun.net.www.protocol.http.HttpURLConnection.getInputStream(Unknown Source)
	at jupar.parsers.ReleaseXMLParser.parse(ReleaseXMLParser.java:70)
	at br.gov.serpro.updater.PgdUpdater.getLatestRelease(PgdUpdater.java:503)
	... 10 more
Warning: Could not get charToByteConverterClass!
Sistema: Windows 10
Java: 11.0.14.1
JavaHome: C:\Arquivos de Programas RFB\IRPF2022\java-runtime
java.util.concurrent.ExecutionException: serpro.ppgd.irpf.exception.AplicacaoException: Não foi possível realizar a verificação de disponibilidade de novas versões. Verifique sua conexão com a Internet e tente novamente mais tarde.
	at java.base/java.util.concurrent.FutureTask.report(Unknown Source)
	at java.base/java.util.concurrent.FutureTask.get(Unknown Source)
	at java.desktop/javax.swing.SwingWorker.get(Unknown Source)
	at serpro.ppgd.app.acoes.VerificarNovaVersaoAction$1.done(VerificarNovaVersaoAction.java:78)
	at java.desktop/javax.swing.SwingWorker$5.run(Unknown Source)
	at java.desktop/javax.swing.SwingWorker$DoSubmitAccumulativeRunnable.run(Unknown Source)
	at java.desktop/sun.swing.AccumulativeRunnable.run(Unknown Source)
	at java.desktop/javax.swing.SwingWorker$DoSubmitAccumulativeRunnable.actionPerformed(Unknown Source)
	at java.desktop/javax.swing.Timer.fireActionPerformed(Unknown Source)
	at java.desktop/javax.swing.Timer$DoPostEvent.run(Unknown Source)
	at java.desktop/java.awt.event.InvocationEvent.dispatch(Unknown Source)
	at java.desktop/java.awt.EventQueue.dispatchEventImpl(Unknown Source)
	at java.desktop/java.awt.EventQueue$4.run(Unknown Source)
	at java.desktop/java.awt.EventQueue$4.run(Unknown Source)
	at java.base/java.security.AccessController.doPrivileged(Native Method)
	at java.base/java.security.ProtectionDomain$JavaSecurityAccessImpl.doIntersectionPrivilege(Unknown Source)
	at java.desktop/java.awt.EventQueue.dispatchEvent(Unknown Source)
	at java.desktop/java.awt.EventDispatchThread.pumpOneEventForFilters(Unknown Source)
	at java.desktop/java.awt.EventDispatchThread.pumpEventsForFilter(Unknown Source)
	at java.desktop/java.awt.EventDispatchThread.pumpEventsForHierarchy(Unknown Source)
	at java.desktop/java.awt.EventDispatchThread.pumpEvents(Unknown Source)
	at java.desktop/java.awt.EventDispatchThread.pumpEvents(Unknown Source)
	at java.desktop/java.awt.EventDispatchThread.run(Unknown Source)
Caused by: serpro.ppgd.irpf.exception.AplicacaoException: Não foi possível realizar a verificação de disponibilidade de novas versões. Verifique sua conexão com a Internet e tente novamente mais tarde.
	at serpro.ppgd.irpf.util.update.IRPFUpdater.verificarUltimaVersao(IRPFUpdater.java:250)
	at serpro.ppgd.irpf.util.update.IRPFUpdater.verificarUltimaVersaoOnline(IRPFUpdater.java:293)
	at serpro.ppgd.app.acoes.VerificarNovaVersaoAction$1.doInBackground(VerificarNovaVersaoAction.java:70)
	at serpro.ppgd.app.acoes.VerificarNovaVersaoAction$1.doInBackground(VerificarNovaVersaoAction.java:1)
	at java.desktop/javax.swing.SwingWorker$1.call(Unknown Source)
	at java.base/java.util.concurrent.FutureTask.run(Unknown Source)
	at java.desktop/javax.swing.SwingWorker.run(Unknown Source)
	at java.base/java.util.concurrent.ThreadPoolExecutor.runWorker(Unknown Source)
	at java.base/java.util.concurrent.ThreadPoolExecutor$Worker.run(Unknown Source)
	at java.base/java.lang.Thread.run(Unknown Source)
Caused by: br.gov.serpro.updater.AtualizacaoException: Ocorreu um erro durante a verificação da última versão do aplicativo.
	at br.gov.serpro.updater.PgdUpdater.getLatestRelease(PgdUpdater.java:506)
	at serpro.ppgd.irpf.util.update.IRPFUpdater.verificarUltimaVersao(IRPFUpdater.java:248)
	... 9 more
Caused by: java.net.SocketTimeoutException: connect timed out
	at java.base/java.net.PlainSocketImpl.waitForConnect(Native Method)
	at java.base/java.net.PlainSocketImpl.socketConnect(Unknown Source)
	at java.base/java.net.AbstractPlainSocketImpl.doConnect(Unknown Source)
	at java.base/java.net.AbstractPlainSocketImpl.connectToAddress(Unknown Source)
	at java.base/java.net.AbstractPlainSocketImpl.connect(Unknown Source)
	at java.base/java.net.Socket.connect(Unknown Source)
	at java.base/sun.net.NetworkClient.doConnect(Unknown Source)
	at java.base/sun.net.www.http.HttpClient.openServer(Unknown Source)
	at java.base/sun.net.www.http.HttpClient.openServer(Unknown Source)
	at java.base/sun.net.www.http.HttpClient.<init>(Unknown Source)
	at java.base/sun.net.www.http.HttpClient.New(Unknown Source)
	at java.base/sun.net.www.http.HttpClient.New(Unknown Source)
	at java.base/sun.net.www.protocol.http.HttpURLConnection.getNewHttpClient(Unknown Source)
	at java.base/sun.net.www.protocol.http.HttpURLConnection.plainConnect0(Unknown Source)
	at java.base/sun.net.www.protocol.http.HttpURLConnection.plainConnect(Unknown Source)
	at java.base/sun.net.www.protocol.http.HttpURLConnection.connect(Unknown Source)
	at java.base/sun.net.www.protocol.http.HttpURLConnection.getInputStream0(Unknown Source)
	at java.base/sun.net.www.protocol.http.HttpURLConnection.getInputStream(Unknown Source)
	at jupar.parsers.ReleaseXMLParser.parse(ReleaseXMLParser.java:70)
	at br.gov.serpro.updater.PgdUpdater.getLatestRelease(PgdUpdater.java:503)
	... 10 more
Warning: Could not get charToByteConverterClass!
Sistema: Windows 10
Java: 11.0.14.1
JavaHome: C:\Arquivos de Programas RFB\IRPF2022\java-runtime
java.util.concurrent.ExecutionException: serpro.ppgd.irpf.exception.AplicacaoException: Não foi possível realizar a verificação de disponibilidade de novas versões. Verifique sua conexão com a Internet e tente novamente mais tarde.
	at java.base/java.util.concurrent.FutureTask.report(Unknown Source)
	at java.base/java.util.concurrent.FutureTask.get(Unknown Source)
	at java.desktop/javax.swing.SwingWorker.get(Unknown Source)
	at serpro.ppgd.app.acoes.VerificarNovaVersaoAction$1.done(VerificarNovaVersaoAction.java:78)
	at java.desktop/javax.swing.SwingWorker$5.run(Unknown Source)
	at java.desktop/javax.swing.SwingWorker$DoSubmitAccumulativeRunnable.run(Unknown Source)
	at java.desktop/sun.swing.AccumulativeRunnable.run(Unknown Source)
	at java.desktop/javax.swing.SwingWorker$DoSubmitAccumulativeRunnable.actionPerformed(Unknown Source)
	at java.desktop/javax.swing.Timer.fireActionPerformed(Unknown Source)
	at java.desktop/javax.swing.Timer$DoPostEvent.run(Unknown Source)
	at java.desktop/java.awt.event.InvocationEvent.dispatch(Unknown Source)
	at java.desktop/java.awt.EventQueue.dispatchEventImpl(Unknown Source)
	at java.desktop/java.awt.EventQueue$4.run(Unknown Source)
	at java.desktop/java.awt.EventQueue$4.run(Unknown Source)
	at java.base/java.security.AccessController.doPrivileged(Native Method)
	at java.base/java.security.ProtectionDomain$JavaSecurityAccessImpl.doIntersectionPrivilege(Unknown Source)
	at java.desktop/java.awt.EventQueue.dispatchEvent(Unknown Source)
	at java.desktop/java.awt.EventDispatchThread.pumpOneEventForFilters(Unknown Source)
	at java.desktop/java.awt.EventDispatchThread.pumpEventsForFilter(Unknown Source)
	at java.desktop/java.awt.EventDispatchThread.pumpEventsForHierarchy(Unknown Source)
	at java.desktop/java.awt.EventDispatchThread.pumpEvents(Unknown Source)
	at java.desktop/java.awt.EventDispatchThread.pumpEvents(Unknown Source)
	at java.desktop/java.awt.EventDispatchThread.run(Unknown Source)
Caused by: serpro.ppgd.irpf.exception.AplicacaoException: Não foi possível realizar a verificação de disponibilidade de novas versões. Verifique sua conexão com a Internet e tente novamente mais tarde.
	at serpro.ppgd.irpf.util.update.IRPFUpdater.verificarUltimaVersao(IRPFUpdater.java:250)
	at serpro.ppgd.irpf.util.update.IRPFUpdater.verificarUltimaVersaoOnline(IRPFUpdater.java:293)
	at serpro.ppgd.app.acoes.VerificarNovaVersaoAction$1.doInBackground(VerificarNovaVersaoAction.java:70)
	at serpro.ppgd.app.acoes.VerificarNovaVersaoAction$1.doInBackground(VerificarNovaVersaoAction.java:1)
	at java.desktop/javax.swing.SwingWorker$1.call(Unknown Source)
	at java.base/java.util.concurrent.FutureTask.run(Unknown Source)
	at java.desktop/javax.swing.SwingWorker.run(Unknown Source)
	at java.base/java.util.concurrent.ThreadPoolExecutor.runWorker(Unknown Source)
	at java.base/java.util.concurrent.ThreadPoolExecutor$Worker.run(Unknown Source)
	at java.base/java.lang.Thread.run(Unknown Source)
Caused by: br.gov.serpro.updater.AtualizacaoException: Ocorreu um erro durante a verificação da última versão do aplicativo.
	at br.gov.serpro.updater.PgdUpdater.getLatestRelease(PgdUpdater.java:506)
	at serpro.ppgd.irpf.util.update.IRPFUpdater.verificarUltimaVersao(IRPFUpdater.java:248)
	... 9 more
Caused by: java.net.SocketTimeoutException: connect timed out
	at java.base/java.net.PlainSocketImpl.waitForConnect(Native Method)
	at java.base/java.net.PlainSocketImpl.socketConnect(Unknown Source)
	at java.base/java.net.AbstractPlainSocketImpl.doConnect(Unknown Source)
	at java.base/java.net.AbstractPlainSocketImpl.connectToAddress(Unknown Source)
	at java.base/java.net.AbstractPlainSocketImpl.connect(Unknown Source)
	at java.base/java.net.Socket.connect(Unknown Source)
	at java.base/sun.net.NetworkClient.doConnect(Unknown Source)
	at java.base/sun.net.www.http.HttpClient.openServer(Unknown Source)
	at java.base/sun.net.www.http.HttpClient.openServer(Unknown Source)
	at java.base/sun.net.www.http.HttpClient.<init>(Unknown Source)
	at java.base/sun.net.www.http.HttpClient.New(Unknown Source)
	at java.base/sun.net.www.http.HttpClient.New(Unknown Source)
	at java.base/sun.net.www.protocol.http.HttpURLConnection.getNewHttpClient(Unknown Source)
	at java.base/sun.net.www.protocol.http.HttpURLConnection.plainConnect0(Unknown Source)
	at java.base/sun.net.www.protocol.http.HttpURLConnection.plainConnect(Unknown Source)
	at java.base/sun.net.www.protocol.http.HttpURLConnection.connect(Unknown Source)
	at java.base/sun.net.www.protocol.http.HttpURLConnection.getInputStream0(Unknown Source)
	at java.base/sun.net.www.protocol.http.HttpURLConnection.getInputStream(Unknown Source)
	at jupar.parsers.ReleaseXMLParser.parse(ReleaseXMLParser.java:70)
	at br.gov.serpro.updater.PgdUpdater.getLatestRelease(PgdUpdater.java:503)
	... 10 more
Warning: Could not get charToByteConverterClass!
Sistema: Windows 10
Java: 11.0.14.1
JavaHome: C:\Arquivos de Programas RFB\IRPF2022\java-runtime
java.util.concurrent.ExecutionException: serpro.ppgd.irpf.exception.AplicacaoException: Não foi possível realizar a verificação de disponibilidade de novas versões. Verifique sua conexão com a Internet e tente novamente mais tarde.
	at java.base/java.util.concurrent.FutureTask.report(Unknown Source)
	at java.base/java.util.concurrent.FutureTask.get(Unknown Source)
	at java.desktop/javax.swing.SwingWorker.get(Unknown Source)
	at serpro.ppgd.app.acoes.VerificarNovaVersaoAction$1.done(VerificarNovaVersaoAction.java:78)
	at java.desktop/javax.swing.SwingWorker$5.run(Unknown Source)
	at java.desktop/javax.swing.SwingWorker$DoSubmitAccumulativeRunnable.run(Unknown Source)
	at java.desktop/sun.swing.AccumulativeRunnable.run(Unknown Source)
	at java.desktop/javax.swing.SwingWorker$DoSubmitAccumulativeRunnable.actionPerformed(Unknown Source)
	at java.desktop/javax.swing.Timer.fireActionPerformed(Unknown Source)
	at java.desktop/javax.swing.Timer$DoPostEvent.run(Unknown Source)
	at java.desktop/java.awt.event.InvocationEvent.dispatch(Unknown Source)
	at java.desktop/java.awt.EventQueue.dispatchEventImpl(Unknown Source)
	at java.desktop/java.awt.EventQueue$4.run(Unknown Source)
	at java.desktop/java.awt.EventQueue$4.run(Unknown Source)
	at java.base/java.security.AccessController.doPrivileged(Native Method)
	at java.base/java.security.ProtectionDomain$JavaSecurityAccessImpl.doIntersectionPrivilege(Unknown Source)
	at java.desktop/java.awt.EventQueue.dispatchEvent(Unknown Source)
	at java.desktop/java.awt.EventDispatchThread.pumpOneEventForFilters(Unknown Source)
	at java.desktop/java.awt.EventDispatchThread.pumpEventsForFilter(Unknown Source)
	at java.desktop/java.awt.EventDispatchThread.pumpEventsForHierarchy(Unknown Source)
	at java.desktop/java.awt.EventDispatchThread.pumpEvents(Unknown Source)
	at java.desktop/java.awt.EventDispatchThread.pumpEvents(Unknown Source)
	at java.desktop/java.awt.EventDispatchThread.run(Unknown Source)
Caused by: serpro.ppgd.irpf.exception.AplicacaoException: Não foi possível realizar a verificação de disponibilidade de novas versões. Verifique sua conexão com a Internet e tente novamente mais tarde.
	at serpro.ppgd.irpf.util.update.IRPFUpdater.verificarUltimaVersao(IRPFUpdater.java:250)
	at serpro.ppgd.irpf.util.update.IRPFUpdater.verificarUltimaVersaoOnline(IRPFUpdater.java:293)
	at serpro.ppgd.app.acoes.VerificarNovaVersaoAction$1.doInBackground(VerificarNovaVersaoAction.java:70)
	at serpro.ppgd.app.acoes.VerificarNovaVersaoAction$1.doInBackground(VerificarNovaVersaoAction.java:1)
	at java.desktop/javax.swing.SwingWorker$1.call(Unknown Source)
	at java.base/java.util.concurrent.FutureTask.run(Unknown Source)
	at java.desktop/javax.swing.SwingWorker.run(Unknown Source)
	at java.base/java.util.concurrent.ThreadPoolExecutor.runWorker(Unknown Source)
	at java.base/java.util.concurrent.ThreadPoolExecutor$Worker.run(Unknown Source)
	at java.base/java.lang.Thread.run(Unknown Source)
Caused by: br.gov.serpro.updater.AtualizacaoException: Ocorreu um erro durante a verificação da última versão do aplicativo.
	at br.gov.serpro.updater.PgdUpdater.getLatestRelease(PgdUpdater.java:506)
	at serpro.ppgd.irpf.util.update.IRPFUpdater.verificarUltimaVersao(IRPFUpdater.java:248)
	... 9 more
Caused by: java.net.SocketTimeoutException: connect timed out
	at java.base/java.net.PlainSocketImpl.waitForConnect(Native Method)
	at java.base/java.net.PlainSocketImpl.socketConnect(Unknown Source)
	at java.base/java.net.AbstractPlainSocketImpl.doConnect(Unknown Source)
	at java.base/java.net.AbstractPlainSocketImpl.connectToAddress(Unknown Source)
	at java.base/java.net.AbstractPlainSocketImpl.connect(Unknown Source)
	at java.base/java.net.Socket.connect(Unknown Source)
	at java.base/sun.net.NetworkClient.doConnect(Unknown Source)
	at java.base/sun.net.www.http.HttpClient.openServer(Unknown Source)
	at java.base/sun.net.www.http.HttpClient.openServer(Unknown Source)
	at java.base/sun.net.www.http.HttpClient.<init>(Unknown Source)
	at java.base/sun.net.www.http.HttpClient.New(Unknown Source)
	at java.base/sun.net.www.http.HttpClient.New(Unknown Source)
	at java.base/sun.net.www.protocol.http.HttpURLConnection.getNewHttpClient(Unknown Source)
	at java.base/sun.net.www.protocol.http.HttpURLConnection.plainConnect0(Unknown Source)
	at java.base/sun.net.www.protocol.http.HttpURLConnection.plainConnect(Unknown Source)
	at java.base/sun.net.www.protocol.http.HttpURLConnection.connect(Unknown Source)
	at java.base/sun.net.www.protocol.http.HttpURLConnection.getInputStream0(Unknown Source)
	at java.base/sun.net.www.protocol.http.HttpURLConnection.getInputStream(Unknown Source)
	at jupar.parsers.ReleaseXMLParser.parse(ReleaseXMLParser.java:70)
	at br.gov.serpro.updater.PgdUpdater.getLatestRelease(PgdUpdater.java:503)
	... 10 more
Warning: Could not get charToByteConverterClass!
Mar 27, 2022 5:31:29 PM jsignnet.aplicacao.JSignNet adicionaProviders
ADVERTÊNCIA: Sem acesso aos certificados do IE.
sun.security.mscapi.SunMSCAPI
Mar 27, 2022 5:31:29 PM jsignnet.aplicacao.JSignNet adicionaProviders
ADVERTÊNCIA: Sem acesso aos certificados do IE.
sun.security.mscapi.SunMSCAPI
java.security.NoSuchProviderException: no such provider: SunMSCAPI
	at java.base/sun.security.jca.GetInstance.getService(Unknown Source)
	at java.base/sun.security.jca.GetInstance.getInstance(Unknown Source)
	at java.base/java.security.Security.getImpl(Unknown Source)
	at java.base/java.security.KeyStore.getInstance(Unknown Source)
	at jsignnet.crypto.KeyStoreUtil.getKeystoreImplementacao(KeyStoreUtil.java:62)
	at jsignnet.crypto.KeyStoreUtil.leKeyStore(KeyStoreUtil.java:306)
	at jsignnet.aplicacao.LeitorCertificados.getMapaCertificadosCAPI(LeitorCertificados.java:91)
	at jsignnet.gui.ConfiguradorContainers.selecionaCertificadosCAPI(ConfiguradorContainers.java:323)
	at jsignnet.gui.ConfiguradorContainers.carregaCertificados(ConfiguradorContainers.java:218)
	at jsignnet.gui.ConfiguradorContainers.getArrayCertificados(ConfiguradorContainers.java:192)
	at jsignnet.gui.DialogoCertificados$AcaoCarregarCertificados.run(DialogoCertificados.java:573)
	at java.base/java.lang.Thread.run(Unknown Source)
Mar 27, 2022 5:31:29 PM jsignnet.crypto.KeyStoreUtil getKeystoreImplementacao
GRAVE: Provider inexistente: Windows-MY
Mar 27, 2022 5:31:29 PM jsignnet.crypto.KeyStoreUtil getKeystoreImplementacao
GRAVE: Provider inexistente: Windows-MY
Mar 27, 2022 5:31:29 PM jsignnet.gui.ConfiguradorContainers selecionaCertificadosCAPI
ADVERTÊNCIA: Exceção buscando certificados CAPI diferente de ErroDeLogin:Provider inexistente
Mar 27, 2022 5:31:29 PM jsignnet.gui.ConfiguradorContainers selecionaCertificadosCAPI
ADVERTÊNCIA: Exceção buscando certificados CAPI diferente de ErroDeLogin:Provider inexistente
Mar 27, 2022 5:32:07 PM serpro.receitanet.k c
INFORMAÇÕES: Exceção registrada. (O código de erro informado pelo servidor do Receitanet é 5115.)[[]]
serpro.receitanet.T: ERRO! Validador IRPF 2022
A TRANSMISSÃO NÃO FOI CONCLUÍDA.
E11 - A DECLARAÇÃO CPF 155.181.858-20 EXERCÍCIO 2022 NÃO FOI ENTREGUE. INSTALE A NOVA VERSÃO DO PROGRAMA IRPF, NA PÁGINA DA RECEITA FEDERAL EM GOV.BR/RECEITAFEDERAL, E TRANSMITA NOVAMENTE.
	at serpro.receitanet.al.a(Unknown Source)
	at serpro.receitanet.ControleReceitanet.a(Unknown Source)
	at serpro.receitanet.ControleReceitanet.enviarDeclaracao(Unknown Source)
	at serpro.receitanet.ControleReceitanet.enviarDeclaracao(Unknown Source)
	at serpro.receitanet.ControleReceitanet.enviarDeclaracao(Unknown Source)
	at serpro.ppgd.irpf.gui.dialogs.PainelGravarTransmitir.transmitirDeclaracao(PainelGravarTransmitir.java:629)
	at serpro.ppgd.irpf.gui.dialogs.PainelGravarTransmitir$ExecutarGravarIdDeclaracao.gravar(PainelGravarTransmitir.java:546)
	at serpro.ppgd.irpf.gui.dialogs.PainelGravarTransmitir.transmitir(PainelGravarTransmitir.java:287)
	at serpro.ppgd.irpf.gui.dialogs.PainelGravarTransmitir.btnGravarActionPerformed(PainelGravarTransmitir.java:281)
	at serpro.ppgd.irpf.gui.dialogs.PainelGravarTransmitir$3.actionPerformed(PainelGravarTransmitir.java:192)
	at java.desktop/javax.swing.AbstractButton.fireActionPerformed(Unknown Source)
	at java.desktop/javax.swing.AbstractButton$Handler.actionPerformed(Unknown Source)
	at java.desktop/javax.swing.DefaultButtonModel.fireActionPerformed(Unknown Source)
	at java.desktop/javax.swing.DefaultButtonModel.setPressed(Unknown Source)
	at java.desktop/javax.swing.plaf.basic.BasicButtonListener.mouseReleased(Unknown Source)
	at java.desktop/java.awt.Component.processMouseEvent(Unknown Source)
	at java.desktop/javax.swing.JComponent.processMouseEvent(Unknown Source)
	at java.desktop/java.awt.Component.processEvent(Unknown Source)
	at java.desktop/java.awt.Container.processEvent(Unknown Source)
	at java.desktop/java.awt.Component.dispatchEventImpl(Unknown Source)
	at java.desktop/java.awt.Container.dispatchEventImpl(Unknown Source)
	at java.desktop/java.awt.Component.dispatchEvent(Unknown Source)
	at java.desktop/java.awt.LightweightDispatcher.retargetMouseEvent(Unknown Source)
	at java.desktop/java.awt.LightweightDispatcher.processMouseEvent(Unknown Source)
	at java.desktop/java.awt.LightweightDispatcher.dispatchEvent(Unknown Source)
	at java.desktop/java.awt.Container.dispatchEventImpl(Unknown Source)
	at java.desktop/java.awt.Window.dispatchEventImpl(Unknown Source)
	at java.desktop/java.awt.Component.dispatchEvent(Unknown Source)
	at java.desktop/java.awt.EventQueue.dispatchEventImpl(Unknown Source)
	at java.desktop/java.awt.EventQueue$4.run(Unknown Source)
	at java.desktop/java.awt.EventQueue$4.run(Unknown Source)
	at java.base/java.security.AccessController.doPrivileged(Native Method)
	at java.base/java.security.ProtectionDomain$JavaSecurityAccessImpl.doIntersectionPrivilege(Unknown Source)
	at java.base/java.security.ProtectionDomain$JavaSecurityAccessImpl.doIntersectionPrivilege(Unknown Source)
	at java.desktop/java.awt.EventQueue$5.run(Unknown Source)
	at java.desktop/java.awt.EventQueue$5.run(Unknown Source)
	at java.base/java.security.AccessController.doPrivileged(Native Method)
	at java.base/java.security.ProtectionDomain$JavaSecurityAccessImpl.doIntersectionPrivilege(Unknown Source)
	at java.desktop/java.awt.EventQueue.dispatchEvent(Unknown Source)
	at java.desktop/java.awt.EventDispatchThread.pumpOneEventForFilters(Unknown Source)
	at java.desktop/java.awt.EventDispatchThread.pumpEventsForFilter(Unknown Source)
	at java.desktop/java.awt.EventDispatchThread.pumpEventsForFilter(Unknown Source)
	at java.desktop/java.awt.WaitDispatchSupport$2.run(Unknown Source)
	at java.desktop/java.awt.WaitDispatchSupport$4.run(Unknown Source)
	at java.desktop/java.awt.WaitDispatchSupport$4.run(Unknown Source)
	at java.base/java.security.AccessController.doPrivileged(Native Method)
	at java.desktop/java.awt.WaitDispatchSupport.enter(Unknown Source)
	at java.desktop/java.awt.Dialog.show(Unknown Source)
	at java.desktop/java.awt.Component.show(Unknown Source)
	at java.desktop/java.awt.Component.setVisible(Unknown Source)
	at java.desktop/java.awt.Window.setVisible(Unknown Source)
	at java.desktop/java.awt.Dialog.setVisible(Unknown Source)
	at serpro.ppgd.irpf.gui.util.GuiUtil.exibeDialog(GuiUtil.java:367)
	at serpro.ppgd.irpf.gui.util.GuiUtil.exibeDialog(GuiUtil.java:295)
	at serpro.ppgd.irpf.gui.util.GuiUtil.exibeDialog(GuiUtil.java:289)
	at serpro.ppgd.irpf.gui.util.GuiUtil.exibeDialog(GuiUtil.java:284)
	at serpro.ppgd.irpf.gui.util.GuiUtil.exibeDialog(GuiUtil.java:383)
	at serpro.ppgd.app.acoes.TransmitirDeclaracaoAction.executarAcao(TransmitirDeclaracaoAction.java:39)
	at serpro.ppgd.app.acoes.ActionAb.actionPerformed(ActionAb.java:81)
	at java.desktop/javax.swing.AbstractButton.fireActionPerformed(Unknown Source)
	at java.desktop/javax.swing.AbstractButton$Handler.actionPerformed(Unknown Source)
	at java.desktop/javax.swing.DefaultButtonModel.fireActionPerformed(Unknown Source)
	at java.desktop/javax.swing.DefaultButtonModel.setPressed(Unknown Source)
	at java.desktop/javax.swing.AbstractButton.doClick(Unknown Source)
	at net.sf.tinylaf.TinyMenuItemUI.doClick(TinyMenuItemUI.java:606)
	at net.sf.tinylaf.TinyMenuItemUI$MouseInputHandler.mouseReleased(TinyMenuItemUI.java:484)
	at java.desktop/java.awt.Component.processMouseEvent(Unknown Source)
	at java.desktop/javax.swing.JComponent.processMouseEvent(Unknown Source)
	at java.desktop/java.awt.Component.processEvent(Unknown Source)
	at java.desktop/java.awt.Container.processEvent(Unknown Source)
	at java.desktop/java.awt.Component.dispatchEventImpl(Unknown Source)
	at java.desktop/java.awt.Container.dispatchEventImpl(Unknown Source)
	at java.desktop/java.awt.Component.dispatchEvent(Unknown Source)
	at java.desktop/java.awt.LightweightDispatcher.retargetMouseEvent(Unknown Source)
	at java.desktop/java.awt.LightweightDispatcher.processMouseEvent(Unknown Source)
	at java.desktop/java.awt.LightweightDispatcher.dispatchEvent(Unknown Source)
	at java.desktop/java.awt.Container.dispatchEventImpl(Unknown Source)
	at java.desktop/java.awt.Window.dispatchEventImpl(Unknown Source)
	at java.desktop/java.awt.Component.dispatchEvent(Unknown Source)
	at java.desktop/java.awt.EventQueue.dispatchEventImpl(Unknown Source)
	at java.desktop/java.awt.EventQueue$4.run(Unknown Source)
	at java.desktop/java.awt.EventQueue$4.run(Unknown Source)
	at java.base/java.security.AccessController.doPrivileged(Native Method)
	at java.base/java.security.ProtectionDomain$JavaSecurityAccessImpl.doIntersectionPrivilege(Unknown Source)
	at java.base/java.security.ProtectionDomain$JavaSecurityAccessImpl.doIntersectionPrivilege(Unknown Source)
	at java.desktop/java.awt.EventQueue$5.run(Unknown Source)
	at java.desktop/java.awt.EventQueue$5.run(Unknown Source)
	at java.base/java.security.AccessController.doPrivileged(Native Method)
	at java.base/java.security.ProtectionDomain$JavaSecurityAccessImpl.doIntersectionPrivilege(Unknown Source)
	at java.desktop/java.awt.EventQueue.dispatchEvent(Unknown Source)
	at java.desktop/java.awt.EventDispatchThread.pumpOneEventForFilters(Unknown Source)
	at java.desktop/java.awt.EventDispatchThread.pumpEventsForFilter(Unknown Source)
	at java.desktop/java.awt.EventDispatchThread.pumpEventsForHierarchy(Unknown Source)
	at java.desktop/java.awt.EventDispatchThread.pumpEvents(Unknown Source)
	at java.desktop/java.awt.EventDispatchThread.pumpEvents(Unknown Source)
	at java.desktop/java.awt.EventDispatchThread.run(Unknown Source)

Mar 27, 2022 5:33:47 PM serpro.receitanet.k c
INFORMAÇÕES: Exceção registrada. (O código de erro informado pelo servidor do Receitanet é 5115.)[[]]
serpro.receitanet.T: ERRO! Validador IRPF 2022
A TRANSMISSÃO NÃO FOI CONCLUÍDA.
E11 - A DECLARAÇÃO CPF 155.181.858-20 EXERCÍCIO 2022 NÃO FOI ENTREGUE. INSTALE A NOVA VERSÃO DO PROGRAMA IRPF, NA PÁGINA DA RECEITA FEDERAL EM GOV.BR/RECEITAFEDERAL, E TRANSMITA NOVAMENTE.
	at serpro.receitanet.al.a(Unknown Source)
	at serpro.receitanet.ControleReceitanet.a(Unknown Source)
	at serpro.receitanet.ControleReceitanet.enviarDeclaracao(Unknown Source)
	at serpro.receitanet.ControleReceitanet.enviarDeclaracao(Unknown Source)
	at serpro.receitanet.ControleReceitanet.enviarDeclaracao(Unknown Source)
	at serpro.ppgd.irpf.gui.dialogs.PainelGravarTransmitir.transmitirDeclaracao(PainelGravarTransmitir.java:629)
	at serpro.ppgd.irpf.gui.dialogs.PainelGravarTransmitir$ExecutarGravarIdDeclaracao.gravar(PainelGravarTransmitir.java:546)
	at serpro.ppgd.irpf.gui.dialogs.PainelGravarTransmitir.transmitir(PainelGravarTransmitir.java:287)
	at serpro.ppgd.irpf.gui.dialogs.PainelGravarTransmitir.btnGravarActionPerformed(PainelGravarTransmitir.java:281)
	at serpro.ppgd.irpf.gui.dialogs.PainelGravarTransmitir$3.actionPerformed(PainelGravarTransmitir.java:192)
	at java.desktop/javax.swing.AbstractButton.fireActionPerformed(Unknown Source)
	at java.desktop/javax.swing.AbstractButton$Handler.actionPerformed(Unknown Source)
	at java.desktop/javax.swing.DefaultButtonModel.fireActionPerformed(Unknown Source)
	at java.desktop/javax.swing.DefaultButtonModel.setPressed(Unknown Source)
	at java.desktop/javax.swing.plaf.basic.BasicButtonListener.mouseReleased(Unknown Source)
	at java.desktop/java.awt.Component.processMouseEvent(Unknown Source)
	at java.desktop/javax.swing.JComponent.processMouseEvent(Unknown Source)
	at java.desktop/java.awt.Component.processEvent(Unknown Source)
	at java.desktop/java.awt.Container.processEvent(Unknown Source)
	at java.desktop/java.awt.Component.dispatchEventImpl(Unknown Source)
	at java.desktop/java.awt.Container.dispatchEventImpl(Unknown Source)
	at java.desktop/java.awt.Component.dispatchEvent(Unknown Source)
	at java.desktop/java.awt.LightweightDispatcher.retargetMouseEvent(Unknown Source)
	at java.desktop/java.awt.LightweightDispatcher.processMouseEvent(Unknown Source)
	at java.desktop/java.awt.LightweightDispatcher.dispatchEvent(Unknown Source)
	at java.desktop/java.awt.Container.dispatchEventImpl(Unknown Source)
	at java.desktop/java.awt.Window.dispatchEventImpl(Unknown Source)
	at java.desktop/java.awt.Component.dispatchEvent(Unknown Source)
	at java.desktop/java.awt.EventQueue.dispatchEventImpl(Unknown Source)
	at java.desktop/java.awt.EventQueue$4.run(Unknown Source)
	at java.desktop/java.awt.EventQueue$4.run(Unknown Source)
	at java.base/java.security.AccessController.doPrivileged(Native Method)
	at java.base/java.security.ProtectionDomain$JavaSecurityAccessImpl.doIntersectionPrivilege(Unknown Source)
	at java.base/java.security.ProtectionDomain$JavaSecurityAccessImpl.doIntersectionPrivilege(Unknown Source)
	at java.desktop/java.awt.EventQueue$5.run(Unknown Source)
	at java.desktop/java.awt.EventQueue$5.run(Unknown Source)
	at java.base/java.security.AccessController.doPrivileged(Native Method)
	at java.base/java.security.ProtectionDomain$JavaSecurityAccessImpl.doIntersectionPrivilege(Unknown Source)
	at java.desktop/java.awt.EventQueue.dispatchEvent(Unknown Source)
	at java.desktop/java.awt.EventDispatchThread.pumpOneEventForFilters(Unknown Source)
	at java.desktop/java.awt.EventDispatchThread.pumpEventsForFilter(Unknown Source)
	at java.desktop/java.awt.EventDispatchThread.pumpEventsForFilter(Unknown Source)
	at java.desktop/java.awt.WaitDispatchSupport$2.run(Unknown Source)
	at java.desktop/java.awt.WaitDispatchSupport$4.run(Unknown Source)
	at java.desktop/java.awt.WaitDispatchSupport$4.run(Unknown Source)
	at java.base/java.security.AccessController.doPrivileged(Native Method)
	at java.desktop/java.awt.WaitDispatchSupport.enter(Unknown Source)
	at java.desktop/java.awt.Dialog.show(Unknown Source)
	at java.desktop/java.awt.Component.show(Unknown Source)
	at java.desktop/java.awt.Component.setVisible(Unknown Source)
	at java.desktop/java.awt.Window.setVisible(Unknown Source)
	at java.desktop/java.awt.Dialog.setVisible(Unknown Source)
	at serpro.ppgd.irpf.gui.util.GuiUtil.exibeDialog(GuiUtil.java:367)
	at serpro.ppgd.irpf.gui.util.GuiUtil.exibeDialog(GuiUtil.java:295)
	at serpro.ppgd.irpf.gui.util.GuiUtil.exibeDialog(GuiUtil.java:289)
	at serpro.ppgd.irpf.gui.util.GuiUtil.exibeDialog(GuiUtil.java:284)
	at serpro.ppgd.irpf.gui.util.GuiUtil.exibeDialog(GuiUtil.java:383)
	at serpro.ppgd.app.acoes.TransmitirDeclaracaoAction.executarAcao(TransmitirDeclaracaoAction.java:39)
	at serpro.ppgd.app.acoes.ActionAb.actionPerformed(ActionAb.java:81)
	at java.desktop/javax.swing.AbstractButton.fireActionPerformed(Unknown Source)
	at java.desktop/javax.swing.AbstractButton$Handler.actionPerformed(Unknown Source)
	at java.desktop/javax.swing.DefaultButtonModel.fireActionPerformed(Unknown Source)
	at java.desktop/javax.swing.DefaultButtonModel.setPressed(Unknown Source)
	at java.desktop/javax.swing.AbstractButton.doClick(Unknown Source)
	at net.sf.tinylaf.TinyMenuItemUI.doClick(TinyMenuItemUI.java:606)
	at net.sf.tinylaf.TinyMenuItemUI$MouseInputHandler.mouseReleased(TinyMenuItemUI.java:484)
	at java.desktop/java.awt.Component.processMouseEvent(Unknown Source)
	at java.desktop/javax.swing.JComponent.processMouseEvent(Unknown Source)
	at java.desktop/java.awt.Component.processEvent(Unknown Source)
	at java.desktop/java.awt.Container.processEvent(Unknown Source)
	at java.desktop/java.awt.Component.dispatchEventImpl(Unknown Source)
	at java.desktop/java.awt.Container.dispatchEventImpl(Unknown Source)
	at java.desktop/java.awt.Component.dispatchEvent(Unknown Source)
	at java.desktop/java.awt.LightweightDispatcher.retargetMouseEvent(Unknown Source)
	at java.desktop/java.awt.LightweightDispatcher.processMouseEvent(Unknown Source)
	at java.desktop/java.awt.LightweightDispatcher.dispatchEvent(Unknown Source)
	at java.desktop/java.awt.Container.dispatchEventImpl(Unknown Source)
	at java.desktop/java.awt.Window.dispatchEventImpl(Unknown Source)
	at java.desktop/java.awt.Component.dispatchEvent(Unknown Source)
	at java.desktop/java.awt.EventQueue.dispatchEventImpl(Unknown Source)
	at java.desktop/java.awt.EventQueue$4.run(Unknown Source)
	at java.desktop/java.awt.EventQueue$4.run(Unknown Source)
	at java.base/java.security.AccessController.doPrivileged(Native Method)
	at java.base/java.security.ProtectionDomain$JavaSecurityAccessImpl.doIntersectionPrivilege(Unknown Source)
	at java.base/java.security.ProtectionDomain$JavaSecurityAccessImpl.doIntersectionPrivilege(Unknown Source)
	at java.desktop/java.awt.EventQueue$5.run(Unknown Source)
	at java.desktop/java.awt.EventQueue$5.run(Unknown Source)
	at java.base/java.security.AccessController.doPrivileged(Native Method)
	at java.base/java.security.ProtectionDomain$JavaSecurityAccessImpl.doIntersectionPrivilege(Unknown Source)
	at java.desktop/java.awt.EventQueue.dispatchEvent(Unknown Source)
	at java.desktop/java.awt.EventDispatchThread.pumpOneEventForFilters(Unknown Source)
	at java.desktop/java.awt.EventDispatchThread.pumpEventsForFilter(Unknown Source)
	at java.desktop/java.awt.EventDispatchThread.pumpEventsForHierarchy(Unknown Source)
	at java.desktop/java.awt.EventDispatchThread.pumpEvents(Unknown Source)
	at java.desktop/java.awt.EventDispatchThread.pumpEvents(Unknown Source)
	at java.desktop/java.awt.EventDispatchThread.run(Unknown Source)

Sistema: Windows 10
Java: 11.0.14.1
JavaHome: C:\Arquivos de Programas RFB\IRPF2022\java-runtime
Warning: Could not get charToByteConverterClass!
Mar 27, 2022 5:36:34 PM serpro.receitanet.k c
INFORMAÇÕES: Exceção registrada. (O código de erro informado pelo servidor do Receitanet é 5115.)[[]]
serpro.receitanet.T: ERRO! Validador IRPF 2022
A TRANSMISSÃO NÃO FOI CONCLUÍDA.
R05A - O NÚMERO DO RECIBO INFORMADO É DIFERENTE DO NÚMERO DO RECIBO DA ÚLTIMA DECLARAÇÃO DO EXERCÍCIO ANTERIOR, ENVIADA EM 14/10/2021. CORRIJA-O E ENTREGUE A DECLARAÇÃO.
	at serpro.receitanet.al.a(Unknown Source)
	at serpro.receitanet.ControleReceitanet.a(Unknown Source)
	at serpro.receitanet.ControleReceitanet.enviarDeclaracao(Unknown Source)
	at serpro.receitanet.ControleReceitanet.enviarDeclaracao(Unknown Source)
	at serpro.receitanet.ControleReceitanet.enviarDeclaracao(Unknown Source)
	at serpro.ppgd.irpf.gui.dialogs.PainelGravarTransmitir.transmitirDeclaracao(PainelGravarTransmitir.java:674)
	at serpro.ppgd.irpf.gui.dialogs.PainelGravarTransmitir$ExecutarGravarIdDeclaracao.gravar(PainelGravarTransmitir.java:569)
	at serpro.ppgd.irpf.gui.dialogs.PainelGravarTransmitir.transmitir(PainelGravarTransmitir.java:288)
	at serpro.ppgd.irpf.gui.dialogs.PainelGravarTransmitir.<init>(PainelGravarTransmitir.java:108)
	at serpro.ppgd.app.acoes.TransmitirDeclaracaoAction.executarAcao(TransmitirDeclaracaoAction.java:34)
	at serpro.ppgd.app.acoes.ActionAb.actionPerformed(ActionAb.java:81)
	at java.desktop/javax.swing.AbstractButton.fireActionPerformed(Unknown Source)
	at java.desktop/javax.swing.AbstractButton$Handler.actionPerformed(Unknown Source)
	at java.desktop/javax.swing.DefaultButtonModel.fireActionPerformed(Unknown Source)
	at java.desktop/javax.swing.DefaultButtonModel.setPressed(Unknown Source)
	at java.desktop/javax.swing.AbstractButton.doClick(Unknown Source)
	at net.sf.tinylaf.TinyMenuItemUI.doClick(TinyMenuItemUI.java:606)
	at net.sf.tinylaf.TinyMenuItemUI$MouseInputHandler.mouseReleased(TinyMenuItemUI.java:484)
	at java.desktop/java.awt.Component.processMouseEvent(Unknown Source)
	at java.desktop/javax.swing.JComponent.processMouseEvent(Unknown Source)
	at java.desktop/java.awt.Component.processEvent(Unknown Source)
	at java.desktop/java.awt.Container.processEvent(Unknown Source)
	at java.desktop/java.awt.Component.dispatchEventImpl(Unknown Source)
	at java.desktop/java.awt.Container.dispatchEventImpl(Unknown Source)
	at java.desktop/java.awt.Component.dispatchEvent(Unknown Source)
	at java.desktop/java.awt.LightweightDispatcher.retargetMouseEvent(Unknown Source)
	at java.desktop/java.awt.LightweightDispatcher.processMouseEvent(Unknown Source)
	at java.desktop/java.awt.LightweightDispatcher.dispatchEvent(Unknown Source)
	at java.desktop/java.awt.Container.dispatchEventImpl(Unknown Source)
	at java.desktop/java.awt.Window.dispatchEventImpl(Unknown Source)
	at java.desktop/java.awt.Component.dispatchEvent(Unknown Source)
	at java.desktop/java.awt.EventQueue.dispatchEventImpl(Unknown Source)
	at java.desktop/java.awt.EventQueue$4.run(Unknown Source)
	at java.desktop/java.awt.EventQueue$4.run(Unknown Source)
	at java.base/java.security.AccessController.doPrivileged(Native Method)
	at java.base/java.security.ProtectionDomain$JavaSecurityAccessImpl.doIntersectionPrivilege(Unknown Source)
	at java.base/java.security.ProtectionDomain$JavaSecurityAccessImpl.doIntersectionPrivilege(Unknown Source)
	at java.desktop/java.awt.EventQueue$5.run(Unknown Source)
	at java.desktop/java.awt.EventQueue$5.run(Unknown Source)
	at java.base/java.security.AccessController.doPrivileged(Native Method)
	at java.base/java.security.ProtectionDomain$JavaSecurityAccessImpl.doIntersectionPrivilege(Unknown Source)
	at java.desktop/java.awt.EventQueue.dispatchEvent(Unknown Source)
	at java.desktop/java.awt.EventDispatchThread.pumpOneEventForFilters(Unknown Source)
	at java.desktop/java.awt.EventDispatchThread.pumpEventsForFilter(Unknown Source)
	at java.desktop/java.awt.EventDispatchThread.pumpEventsForHierarchy(Unknown Source)
	at java.desktop/java.awt.EventDispatchThread.pumpEvents(Unknown Source)
	at java.desktop/java.awt.EventDispatchThread.pumpEvents(Unknown Source)
	at java.desktop/java.awt.EventDispatchThread.run(Unknown Source)

Mar 27, 2022 5:36:58 PM serpro.receitanet.k c
INFORMAÇÕES: Exceção registrada. (O código de erro informado pelo servidor do Receitanet é 5115.)[[]]
serpro.receitanet.T: ERRO! Validador IRPF 2022
A TRANSMISSÃO NÃO FOI CONCLUÍDA.
R05A - O NÚMERO DO RECIBO INFORMADO É DIFERENTE DO NÚMERO DO RECIBO DA ÚLTIMA DECLARAÇÃO DO EXERCÍCIO ANTERIOR, ENVIADA EM 14/10/2021. CORRIJA-O E ENTREGUE A DECLARAÇÃO.
	at serpro.receitanet.al.a(Unknown Source)
	at serpro.receitanet.ControleReceitanet.a(Unknown Source)
	at serpro.receitanet.ControleReceitanet.enviarDeclaracao(Unknown Source)
	at serpro.receitanet.ControleReceitanet.enviarDeclaracao(Unknown Source)
	at serpro.receitanet.ControleReceitanet.enviarDeclaracao(Unknown Source)
	at serpro.ppgd.irpf.gui.dialogs.PainelGravarTransmitir.transmitirDeclaracao(PainelGravarTransmitir.java:674)
	at serpro.ppgd.irpf.gui.dialogs.PainelGravarTransmitir$ExecutarGravarIdDeclaracao.gravar(PainelGravarTransmitir.java:569)
	at serpro.ppgd.irpf.gui.dialogs.PainelGravarTransmitir.transmitir(PainelGravarTransmitir.java:288)
	at serpro.ppgd.irpf.gui.dialogs.PainelGravarTransmitir.btnGravarActionPerformed(PainelGravarTransmitir.java:282)
	at serpro.ppgd.irpf.gui.dialogs.PainelGravarTransmitir$3.actionPerformed(PainelGravarTransmitir.java:193)
	at java.desktop/javax.swing.AbstractButton.fireActionPerformed(Unknown Source)
	at java.desktop/javax.swing.AbstractButton$Handler.actionPerformed(Unknown Source)
	at java.desktop/javax.swing.DefaultButtonModel.fireActionPerformed(Unknown Source)
	at java.desktop/javax.swing.DefaultButtonModel.setPressed(Unknown Source)
	at java.desktop/javax.swing.plaf.basic.BasicButtonListener.mouseReleased(Unknown Source)
	at java.desktop/java.awt.Component.processMouseEvent(Unknown Source)
	at java.desktop/javax.swing.JComponent.processMouseEvent(Unknown Source)
	at java.desktop/java.awt.Component.processEvent(Unknown Source)
	at java.desktop/java.awt.Container.processEvent(Unknown Source)
	at java.desktop/java.awt.Component.dispatchEventImpl(Unknown Source)
	at java.desktop/java.awt.Container.dispatchEventImpl(Unknown Source)
	at java.desktop/java.awt.Component.dispatchEvent(Unknown Source)
	at java.desktop/java.awt.LightweightDispatcher.retargetMouseEvent(Unknown Source)
	at java.desktop/java.awt.LightweightDispatcher.processMouseEvent(Unknown Source)
	at java.desktop/java.awt.LightweightDispatcher.dispatchEvent(Unknown Source)
	at java.desktop/java.awt.Container.dispatchEventImpl(Unknown Source)
	at java.desktop/java.awt.Window.dispatchEventImpl(Unknown Source)
	at java.desktop/java.awt.Component.dispatchEvent(Unknown Source)
	at java.desktop/java.awt.EventQueue.dispatchEventImpl(Unknown Source)
	at java.desktop/java.awt.EventQueue$4.run(Unknown Source)
	at java.desktop/java.awt.EventQueue$4.run(Unknown Source)
	at java.base/java.security.AccessController.doPrivileged(Native Method)
	at java.base/java.security.ProtectionDomain$JavaSecurityAccessImpl.doIntersectionPrivilege(Unknown Source)
	at java.base/java.security.ProtectionDomain$JavaSecurityAccessImpl.doIntersectionPrivilege(Unknown Source)
	at java.desktop/java.awt.EventQueue$5.run(Unknown Source)
	at java.desktop/java.awt.EventQueue$5.run(Unknown Source)
	at java.base/java.security.AccessController.doPrivileged(Native Method)
	at java.base/java.security.ProtectionDomain$JavaSecurityAccessImpl.doIntersectionPrivilege(Unknown Source)
	at java.desktop/java.awt.EventQueue.dispatchEvent(Unknown Source)
	at java.desktop/java.awt.EventDispatchThread.pumpOneEventForFilters(Unknown Source)
	at java.desktop/java.awt.EventDispatchThread.pumpEventsForFilter(Unknown Source)
	at java.desktop/java.awt.EventDispatchThread.pumpEventsForFilter(Unknown Source)
	at java.desktop/java.awt.WaitDispatchSupport$2.run(Unknown Source)
	at java.desktop/java.awt.WaitDispatchSupport$4.run(Unknown Source)
	at java.desktop/java.awt.WaitDispatchSupport$4.run(Unknown Source)
	at java.base/java.security.AccessController.doPrivileged(Native Method)
	at java.desktop/java.awt.WaitDispatchSupport.enter(Unknown Source)
	at java.desktop/java.awt.Dialog.show(Unknown Source)
	at java.desktop/java.awt.Component.show(Unknown Source)
	at java.desktop/java.awt.Component.setVisible(Unknown Source)
	at java.desktop/java.awt.Window.setVisible(Unknown Source)
	at java.desktop/java.awt.Dialog.setVisible(Unknown Source)
	at serpro.ppgd.irpf.gui.util.GuiUtil.exibeDialog(GuiUtil.java:367)
	at serpro.ppgd.irpf.gui.util.GuiUtil.exibeDialog(GuiUtil.java:295)
	at serpro.ppgd.irpf.gui.util.GuiUtil.exibeDialog(GuiUtil.java:289)
	at serpro.ppgd.irpf.gui.util.GuiUtil.exibeDialog(GuiUtil.java:284)
	at serpro.ppgd.irpf.gui.util.GuiUtil.exibeDialog(GuiUtil.java:383)
	at serpro.ppgd.app.acoes.TransmitirDeclaracaoAction.executarAcao(TransmitirDeclaracaoAction.java:39)
	at serpro.ppgd.app.acoes.ActionAb.actionPerformed(ActionAb.java:81)
	at java.desktop/javax.swing.AbstractButton.fireActionPerformed(Unknown Source)
	at java.desktop/javax.swing.AbstractButton$Handler.actionPerformed(Unknown Source)
	at java.desktop/javax.swing.DefaultButtonModel.fireActionPerformed(Unknown Source)
	at java.desktop/javax.swing.DefaultButtonModel.setPressed(Unknown Source)
	at java.desktop/javax.swing.AbstractButton.doClick(Unknown Source)
	at net.sf.tinylaf.TinyMenuItemUI.doClick(TinyMenuItemUI.java:606)
	at net.sf.tinylaf.TinyMenuItemUI$MouseInputHandler.mouseReleased(TinyMenuItemUI.java:484)
	at java.desktop/java.awt.Component.processMouseEvent(Unknown Source)
	at java.desktop/javax.swing.JComponent.processMouseEvent(Unknown Source)
	at java.desktop/java.awt.Component.processEvent(Unknown Source)
	at java.desktop/java.awt.Container.processEvent(Unknown Source)
	at java.desktop/java.awt.Component.dispatchEventImpl(Unknown Source)
	at java.desktop/java.awt.Container.dispatchEventImpl(Unknown Source)
	at java.desktop/java.awt.Component.dispatchEvent(Unknown Source)
	at java.desktop/java.awt.LightweightDispatcher.retargetMouseEvent(Unknown Source)
	at java.desktop/java.awt.LightweightDispatcher.processMouseEvent(Unknown Source)
	at java.desktop/java.awt.LightweightDispatcher.dispatchEvent(Unknown Source)
	at java.desktop/java.awt.Container.dispatchEventImpl(Unknown Source)
	at java.desktop/java.awt.Window.dispatchEventImpl(Unknown Source)
	at java.desktop/java.awt.Component.dispatchEvent(Unknown Source)
	at java.desktop/java.awt.EventQueue.dispatchEventImpl(Unknown Source)
	at java.desktop/java.awt.EventQueue$4.run(Unknown Source)
	at java.desktop/java.awt.EventQueue$4.run(Unknown Source)
	at java.base/java.security.AccessController.doPrivileged(Native Method)
	at java.base/java.security.ProtectionDomain$JavaSecurityAccessImpl.doIntersectionPrivilege(Unknown Source)
	at java.base/java.security.ProtectionDomain$JavaSecurityAccessImpl.doIntersectionPrivilege(Unknown Source)
	at java.desktop/java.awt.EventQueue$5.run(Unknown Source)
	at java.desktop/java.awt.EventQueue$5.run(Unknown Source)
	at java.base/java.security.AccessController.doPrivileged(Native Method)
	at java.base/java.security.ProtectionDomain$JavaSecurityAccessImpl.doIntersectionPrivilege(Unknown Source)
	at java.desktop/java.awt.EventQueue.dispatchEvent(Unknown Source)
	at java.desktop/java.awt.EventDispatchThread.pumpOneEventForFilters(Unknown Source)
	at java.desktop/java.awt.EventDispatchThread.pumpEventsForFilter(Unknown Source)
	at java.desktop/java.awt.EventDispatchThread.pumpEventsForHierarchy(Unknown Source)
	at java.desktop/java.awt.EventDispatchThread.pumpEvents(Unknown Source)
	at java.desktop/java.awt.EventDispatchThread.pumpEvents(Unknown Source)
	at java.desktop/java.awt.EventDispatchThread.run(Unknown Source)

Sistema: Windows 10
Java: 11.0.14.1
JavaHome: C:\Arquivos de Programas RFB\IRPF2022\java-runtime
Warning: Could not get charToByteConverterClass!
Exception in thread "AWT-EventQueue-0" java.lang.NullPointerException
	at serpro.ppgd.irpf.gui.contribuinte.PainelContribuinte$3.focusLost(PainelContribuinte.java:93)
	at java.desktop/java.awt.AWTEventMulticaster.focusLost(Unknown Source)
	at java.desktop/java.awt.AWTEventMulticaster.focusLost(Unknown Source)
	at java.desktop/java.awt.Component.processFocusEvent(Unknown Source)
	at java.desktop/java.awt.Component.processEvent(Unknown Source)
	at java.desktop/java.awt.Container.processEvent(Unknown Source)
	at java.desktop/java.awt.Component.dispatchEventImpl(Unknown Source)
	at java.desktop/java.awt.Container.dispatchEventImpl(Unknown Source)
	at java.desktop/java.awt.Component.dispatchEvent(Unknown Source)
	at java.desktop/java.awt.KeyboardFocusManager.redispatchEvent(Unknown Source)
	at java.desktop/java.awt.DefaultKeyboardFocusManager.typeAheadAssertions(Unknown Source)
	at java.desktop/java.awt.DefaultKeyboardFocusManager.dispatchEvent(Unknown Source)
	at java.desktop/java.awt.Component.dispatchEventImpl(Unknown Source)
	at java.desktop/java.awt.Container.dispatchEventImpl(Unknown Source)
	at java.desktop/java.awt.Component.dispatchEvent(Unknown Source)
	at java.desktop/java.awt.EventQueue.dispatchEventImpl(Unknown Source)
	at java.desktop/java.awt.EventQueue$4.run(Unknown Source)
	at java.desktop/java.awt.EventQueue$4.run(Unknown Source)
	at java.base/java.security.AccessController.doPrivileged(Native Method)
	at java.base/java.security.ProtectionDomain$JavaSecurityAccessImpl.doIntersectionPrivilege(Unknown Source)
	at java.base/java.security.ProtectionDomain$JavaSecurityAccessImpl.doIntersectionPrivilege(Unknown Source)
	at java.desktop/java.awt.EventQueue$5.run(Unknown Source)
	at java.desktop/java.awt.EventQueue$5.run(Unknown Source)
	at java.base/java.security.AccessController.doPrivileged(Native Method)
	at java.base/java.security.ProtectionDomain$JavaSecurityAccessImpl.doIntersectionPrivilege(Unknown Source)
	at java.desktop/java.awt.EventQueue.dispatchEvent(Unknown Source)
	at java.desktop/java.awt.EventDispatchThread.pumpOneEventForFilters(Unknown Source)
	at java.desktop/java.awt.EventDispatchThread.pumpEventsForFilter(Unknown Source)
	at java.desktop/java.awt.EventDispatchThread.pumpEventsForFilter(Unknown Source)
	at java.desktop/java.awt.WaitDispatchSupport$2.run(Unknown Source)
	at java.desktop/java.awt.WaitDispatchSupport$4.run(Unknown Source)
	at java.desktop/java.awt.WaitDispatchSupport$4.run(Unknown Source)
	at java.base/java.security.AccessController.doPrivileged(Native Method)
	at java.desktop/java.awt.WaitDispatchSupport.enter(Unknown Source)
	at java.desktop/java.awt.Dialog.show(Unknown Source)
	at java.desktop/java.awt.Component.show(Unknown Source)
	at java.desktop/java.awt.Component.setVisible(Unknown Source)
	at java.desktop/java.awt.Window.setVisible(Unknown Source)
	at java.desktop/java.awt.Dialog.setVisible(Unknown Source)
	at serpro.ppgd.irpf.gui.util.GuiUtil.exibeDialog(GuiUtil.java:367)
	at serpro.ppgd.irpf.gui.util.GuiUtil.exibeDialog(GuiUtil.java:295)
	at serpro.ppgd.irpf.gui.util.GuiUtil.exibeDialog(GuiUtil.java:289)
	at serpro.ppgd.irpf.gui.util.GuiUtil.exibeDialog(GuiUtil.java:284)
	at serpro.ppgd.irpf.gui.util.GuiUtil.exibeDialog(GuiUtil.java:383)
	at serpro.ppgd.irpf.gui.dialogs.PainelGravarTransmitir$ExecutarGravarIdDeclaracao.gravar(PainelGravarTransmitir.java:421)
	at serpro.ppgd.irpf.gui.dialogs.PainelGravarTransmitir.transmitir(PainelGravarTransmitir.java:288)
	at serpro.ppgd.irpf.gui.dialogs.PainelGravarTransmitir.<init>(PainelGravarTransmitir.java:108)
	at serpro.ppgd.app.acoes.TransmitirDeclaracaoAction.executarAcao(TransmitirDeclaracaoAction.java:34)
	at serpro.ppgd.app.acoes.ActionAb.actionPerformed(ActionAb.java:81)
	at serpro.ppgd.irpf.gui.componente.JTaskAction.actionPerformed(JTaskAction.java:249)
	at serpro.ppgd.irpf.gui.componente.JTaskAction.doClick(JTaskAction.java:230)
	at serpro.ppgd.irpf.gui.componente.JTaskAction$2.talvezExibirPopup(JTaskAction.java:174)
	at serpro.ppgd.irpf.gui.componente.JTaskAction$2.mouseReleased(JTaskAction.java:166)
	at java.desktop/java.awt.Component.processMouseEvent(Unknown Source)
	at java.desktop/javax.swing.JComponent.processMouseEvent(Unknown Source)
	at java.desktop/java.awt.Component.processEvent(Unknown Source)
	at java.desktop/java.awt.Container.processEvent(Unknown Source)
	at java.desktop/java.awt.Component.dispatchEventImpl(Unknown Source)
	at java.desktop/java.awt.Container.dispatchEventImpl(Unknown Source)
	at java.desktop/java.awt.Component.dispatchEvent(Unknown Source)
	at java.desktop/java.awt.LightweightDispatcher.retargetMouseEvent(Unknown Source)
	at java.desktop/java.awt.LightweightDispatcher.processMouseEvent(Unknown Source)
	at java.desktop/java.awt.LightweightDispatcher.dispatchEvent(Unknown Source)
	at java.desktop/java.awt.Container.dispatchEventImpl(Unknown Source)
	at java.desktop/java.awt.Window.dispatchEventImpl(Unknown Source)
	at java.desktop/java.awt.Component.dispatchEvent(Unknown Source)
	at java.desktop/java.awt.EventQueue.dispatchEventImpl(Unknown Source)
	at java.desktop/java.awt.EventQueue$4.run(Unknown Source)
	at java.desktop/java.awt.EventQueue$4.run(Unknown Source)
	at java.base/java.security.AccessController.doPrivileged(Native Method)
	at java.base/java.security.ProtectionDomain$JavaSecurityAccessImpl.doIntersectionPrivilege(Unknown Source)
	at java.base/java.security.ProtectionDomain$JavaSecurityAccessImpl.doIntersectionPrivilege(Unknown Source)
	at java.desktop/java.awt.EventQueue$5.run(Unknown Source)
	at java.desktop/java.awt.EventQueue$5.run(Unknown Source)
	at java.base/java.security.AccessController.doPrivileged(Native Method)
	at java.base/java.security.ProtectionDomain$JavaSecurityAccessImpl.doIntersectionPrivilege(Unknown Source)
	at java.desktop/java.awt.EventQueue.dispatchEvent(Unknown Source)
	at java.desktop/java.awt.EventDispatchThread.pumpOneEventForFilters(Unknown Source)
	at java.desktop/java.awt.EventDispatchThread.pumpEventsForFilter(Unknown Source)
	at java.desktop/java.awt.EventDispatchThread.pumpEventsForHierarchy(Unknown Source)
	at java.desktop/java.awt.EventDispatchThread.pumpEvents(Unknown Source)
	at java.desktop/java.awt.EventDispatchThread.pumpEvents(Unknown Source)
	at java.desktop/java.awt.EventDispatchThread.run(Unknown Source)
Mar 27, 2022 5:58:49 PM serpro.ppgd.negocio.util.LogPPGD erro
GRAVE: Erro deletar arquivo.
Sistema: Windows 10
Java: 11.0.14.1
JavaHome: C:\Arquivos de Programas RFB\IRPF2022\java-runtime
Warning: Could not get charToByteConverterClass!
Sistema: Windows 10
Java: 11.0.14.1
JavaHome: C:\Arquivos de Programas RFB\IRPF2022\java-runtime
Warning: Could not get charToByteConverterClass!
May 23, 2022 9:46:56 PM serpro.receitanet.k c
INFORMAÇÕES: Exceção registrada. (O código de erro informado pelo servidor do Receitanet é 5115.)[[]]
serpro.receitanet.T: ERRO! Validador IRPF 2022
A TRANSMISSÃO NÃO FOI CONCLUÍDA.
E11 - A DECLARAÇÃO CPF 155.181.858-20 EXERCÍCIO 2022 NÃO FOI ENTREGUE. INSTALE A NOVA VERSÃO DO PROGRAMA IRPF, NA PÁGINA DA RECEITA FEDERAL EM GOV.BR/RECEITAFEDERAL, E TRANSMITA NOVAMENTE.
	at serpro.receitanet.al.a(Unknown Source)
	at serpro.receitanet.ControleReceitanet.a(Unknown Source)
	at serpro.receitanet.ControleReceitanet.enviarDeclaracao(Unknown Source)
	at serpro.receitanet.ControleReceitanet.enviarDeclaracao(Unknown Source)
	at serpro.receitanet.ControleReceitanet.enviarDeclaracao(Unknown Source)
	at serpro.ppgd.irpf.gui.dialogs.PainelGravarTransmitir.transmitirDeclaracao(PainelGravarTransmitir.java:674)
	at serpro.ppgd.irpf.gui.dialogs.PainelGravarTransmitir$ExecutarGravarIdDeclaracao.gravar(PainelGravarTransmitir.java:569)
	at serpro.ppgd.irpf.gui.dialogs.PainelGravarTransmitir.transmitir(PainelGravarTransmitir.java:288)
	at serpro.ppgd.irpf.gui.dialogs.PainelGravarTransmitir.<init>(PainelGravarTransmitir.java:108)
	at serpro.ppgd.app.acoes.TransmitirDeclaracaoAction.executarAcao(TransmitirDeclaracaoAction.java:34)
	at serpro.ppgd.app.acoes.ActionAb.actionPerformed(ActionAb.java:81)
	at serpro.ppgd.irpf.gui.comparativo.PainelComparativoAuxiliar.btnEntregarActionPerformed(PainelComparativoAuxiliar.java:279)
	at serpro.ppgd.irpf.gui.comparativo.PainelComparativoAuxiliar$3.actionPerformed(PainelComparativoAuxiliar.java:163)
	at java.desktop/javax.swing.AbstractButton.fireActionPerformed(Unknown Source)
	at java.desktop/javax.swing.AbstractButton$Handler.actionPerformed(Unknown Source)
	at java.desktop/javax.swing.DefaultButtonModel.fireActionPerformed(Unknown Source)
	at java.desktop/javax.swing.DefaultButtonModel.setPressed(Unknown Source)
	at java.desktop/javax.swing.plaf.basic.BasicButtonListener.mouseReleased(Unknown Source)
	at java.desktop/java.awt.Component.processMouseEvent(Unknown Source)
	at java.desktop/javax.swing.JComponent.processMouseEvent(Unknown Source)
	at java.desktop/java.awt.Component.processEvent(Unknown Source)
	at java.desktop/java.awt.Container.processEvent(Unknown Source)
	at java.desktop/java.awt.Component.dispatchEventImpl(Unknown Source)
	at java.desktop/java.awt.Container.dispatchEventImpl(Unknown Source)
	at java.desktop/java.awt.Component.dispatchEvent(Unknown Source)
	at java.desktop/java.awt.LightweightDispatcher.retargetMouseEvent(Unknown Source)
	at java.desktop/java.awt.LightweightDispatcher.processMouseEvent(Unknown Source)
	at java.desktop/java.awt.LightweightDispatcher.dispatchEvent(Unknown Source)
	at java.desktop/java.awt.Container.dispatchEventImpl(Unknown Source)
	at java.desktop/java.awt.Window.dispatchEventImpl(Unknown Source)
	at java.desktop/java.awt.Component.dispatchEvent(Unknown Source)
	at java.desktop/java.awt.EventQueue.dispatchEventImpl(Unknown Source)
	at java.desktop/java.awt.EventQueue$4.run(Unknown Source)
	at java.desktop/java.awt.EventQueue$4.run(Unknown Source)
	at java.base/java.security.AccessController.doPrivileged(Native Method)
	at java.base/java.security.ProtectionDomain$JavaSecurityAccessImpl.doIntersectionPrivilege(Unknown Source)
	at java.base/java.security.ProtectionDomain$JavaSecurityAccessImpl.doIntersectionPrivilege(Unknown Source)
	at java.desktop/java.awt.EventQueue$5.run(Unknown Source)
	at java.desktop/java.awt.EventQueue$5.run(Unknown Source)
	at java.base/java.security.AccessController.doPrivileged(Native Method)
	at java.base/java.security.ProtectionDomain$JavaSecurityAccessImpl.doIntersectionPrivilege(Unknown Source)
	at java.desktop/java.awt.EventQueue.dispatchEvent(Unknown Source)
	at java.desktop/java.awt.EventDispatchThread.pumpOneEventForFilters(Unknown Source)
	at java.desktop/java.awt.EventDispatchThread.pumpEventsForFilter(Unknown Source)
	at java.desktop/java.awt.EventDispatchThread.pumpEventsForHierarchy(Unknown Source)
	at java.desktop/java.awt.EventDispatchThread.pumpEvents(Unknown Source)
	at java.desktop/java.awt.EventDispatchThread.pumpEvents(Unknown Source)
	at java.desktop/java.awt.EventDispatchThread.run(Unknown Source)

Sistema: Windows 10
Java: 11.0.14.1
JavaHome: C:\Arquivos de Programas RFB\IRPF2022\java-runtime
cmdDir=C:\Arquivos de Programas RFB\IRPF2022
cmd=[C:\Arquivos de Programas RFB\IRPF2022\java-runtime\bin\java, -jar, C:\Arquivos de Programas RFB\IRPF2022\pgd-updater.jar, -U, -W, -appName, IRPF2022, -tempDir, C:\Users\fegro\.irpf\tmp_IRPF2022, -destDir, C:\Arquivos de Programas RFB\IRPF2022, -zipFile, IRPF2022-1.2_update_1.6.zip, -releaseUpdateProperties, C:\Arquivos de Programas RFB\IRPF2022\aplicacao\dados\release_properties.xml, -logFile, C:\Arquivos de Programas RFB\IRPF2022\updater.log, -appComandSeparator, #, -appComand, C:\Arquivos de Programas RFB\IRPF2022\IRPF2022.exe]
Sistema: Windows 10
Java: 11.0.14.1
JavaHome: C:\Arquivos de Programas RFB\IRPF2022\java-runtime
Warning: Could not get charToByteConverterClass!
May 23, 2022 9:48:03 PM serpro.ppgd.negocio.util.LogPPGD erro
GRAVE: null
May 23, 2022 9:48:03 PM serpro.ppgd.negocio.util.LogPPGD erro
GRAVE: Erro deletar arquivo.
May 23, 2022 9:48:03 PM serpro.ppgd.negocio.util.LogPPGD erro
GRAVE: null
May 23, 2022 9:48:03 PM serpro.ppgd.negocio.util.LogPPGD erro
GRAVE: Erro ao excluir backup (não existe)
May 23, 2022 9:48:03 PM serpro.ppgd.negocio.util.LogPPGD erro
GRAVE: Erro deletar arquivo.
May 23, 2022 9:49:48 PM serpro.ppgd.negocio.util.LogPPGD erro
GRAVE: Erro ao excluir backup (não existe)
May 23, 2022 9:49:48 PM serpro.ppgd.negocio.util.LogPPGD erro
GRAVE: Erro deletar arquivo.
May 23, 2022 9:50:02 PM serpro.ppgd.negocio.util.LogPPGD erro
GRAVE: Erro ao excluir backup (não existe)
May 23, 2022 9:50:02 PM serpro.ppgd.negocio.util.LogPPGD erro
GRAVE: Erro deletar arquivo.
May 23, 2022 9:50:05 PM serpro.ppgd.negocio.util.LogPPGD erro
GRAVE: Unable to delete file: C:\Arquivos de Programas RFB\IRPF2022\gravadas\.midas\15518185820-2022-1653353402805\dados.xml
Sistema: Windows 10
Java: 11.0.14.1
JavaHome: C:\Arquivos de Programas RFB\IRPF2022\java-runtime
cmdDir=C:\Arquivos de Programas RFB\IRPF2022
cmd=[C:\Arquivos de Programas RFB\IRPF2022\java-runtime\bin\java, -jar, C:\Arquivos de Programas RFB\IRPF2022\pgd-updater.jar, -U, -W, -appName, IRPF2022, -tempDir, C:\Users\fegro\.irpf\tmp_IRPF2022, -destDir, C:\Arquivos de Programas RFB\IRPF2022, -zipFile, IRPF2022-1.6_update_1.8.zip, -releaseUpdateProperties, C:\Arquivos de Programas RFB\IRPF2022\aplicacao\dados\release_properties.xml, -logFile, C:\Arquivos de Programas RFB\IRPF2022\updater.log, -appComandSeparator, #, -appComand, C:\Arquivos de Programas RFB\IRPF2022\IRPF2022.exe]
Sistema: Windows 10
Java: 11.0.14.1
JavaHome: C:\Arquivos de Programas RFB\IRPF2022\java-runtime
Warning: Could not get charToByteConverterClass!
Oct 18, 2022 8:09:53 AM serpro.ppgd.negocio.util.LogPPGD erro
GRAVE: Erro ao excluir backup (não existe)
Oct 18, 2022 8:09:53 AM serpro.ppgd.negocio.util.LogPPGD erro
GRAVE: Erro deletar arquivo.
Sistema: Windows 10
Java: 11.0.14.1
JavaHome: C:\Arquivos de Programas RFB\IRPF2022\java-runtime
Warning: Could not get charToByteConverterClass!
Sistema: Windows 10
Java: 11.0.14.1
JavaHome: C:\Arquivos de Programas RFB\IRPF2022\java-runtime
Warning: Could not get charToByteConverterClass!
Sistema: Windows 10
Java: 11.0.14.1
JavaHome: C:\Arquivos de Programas RFB\IRPF2022\java-runtime
Warning: Could not get charToByteConverterClass!
