Sistema: Windows 10
Java: 11.0.10
JavaHome: C:\Arquivos de Programas RFB\IRPF2021\java-runtime
Oct 14, 2021 11:15:17 AM serpro.ppgd.negocio.util.LogPPGD erro
GRAVE: C:\Users\fegro\.rfb\.cacheni.properties (O sistema não pode encontrar o arquivo especificado)
Oct 14, 2021 11:15:18 AM serpro.ppgd.negocio.util.LogPPGD erro
GRAVE: Mensagem msg_novidades_titulo_10 não está cadastrada no Mensagens.properties!
Oct 14, 2021 11:15:18 AM serpro.ppgd.negocio.util.LogPPGD erro
GRAVE: Mensagem msg_novidades_10 não está cadastrada no Mensagens.properties!
Oct 14, 2021 11:19:35 AM serpro.ppgd.negocio.util.LogPPGD erro
GRAVE: Read timed out
Oct 14, 2021 11:20:18 AM serpro.ppgd.negocio.util.LogPPGD erro
GRAVE: Declaração não encontrada ou palavra-chave incorreta
Sistema: Windows 10
Java: 11.0.10
JavaHome: C:\Arquivos de Programas RFB\IRPF2021\java-runtime
Oct 14, 2021 11:54:35 AM serpro.ppgd.negocio.util.LogPPGD erro
GRAVE: Mensagem msg_novidades_titulo_10 não está cadastrada no Mensagens.properties!
Oct 14, 2021 11:54:35 AM serpro.ppgd.negocio.util.LogPPGD erro
GRAVE: Mensagem msg_novidades_10 não está cadastrada no Mensagens.properties!
Warning: Could not get charToByteConverterClass!
