Sistema: Windows 10
Java: 11.0.15
JavaHome: C:\Arquivos de Programas RFB\IRPF2024\jre
Warning: Could not get charToByteConverterClass!
Exception in thread "AWT-EventQueue-0" java.lang.NullPointerException
	at org.jdesktop.swingx.plaf.basic.BasicTaskPaneUI.getPreferredSize(BasicTaskPaneUI.java:246)
	at java.desktop/javax.swing.JComponent.getPreferredSize(JComponent.java:1680)
	at org.jdesktop.swingx.VerticalLayout.preferredLayoutSize(VerticalLayout.java:80)
	at java.desktop/java.awt.Container.preferredSize(Container.java:1823)
	at java.desktop/java.awt.Container.getPreferredSize(Container.java:1807)
	at java.desktop/javax.swing.JComponent.getPreferredSize(JComponent.java:1682)
	at org.jdesktop.swingx.JXCollapsiblePane.getPreferredSize(JXCollapsiblePane.java:656)
	at java.desktop/java.awt.GridBagLayout.GetLayoutInfo(GridBagLayout.java:1127)
	at java.desktop/java.awt.GridBagLayout.getLayoutInfo(GridBagLayout.java:922)
	at java.desktop/java.awt.GridBagLayout.preferredLayoutSize(GridBagLayout.java:742)
	at java.desktop/java.awt.Container.preferredSize(Container.java:1823)
	at java.desktop/java.awt.Container.getPreferredSize(Container.java:1807)
	at java.desktop/javax.swing.JComponent.getPreferredSize(JComponent.java:1682)
	at java.desktop/javax.swing.ScrollPaneLayout.layoutContainer(ScrollPaneLayout.java:795)
	at java.desktop/java.awt.Container.layout(Container.java:1537)
	at java.desktop/java.awt.Container.doLayout(Container.java:1526)
	at java.desktop/java.awt.Container.validateTree(Container.java:1722)
	at java.desktop/java.awt.Container.validate(Container.java:1657)
	at java.desktop/javax.swing.RepaintManager$3.run(RepaintManager.java:745)
	at java.desktop/javax.swing.RepaintManager$3.run(RepaintManager.java:743)
	at java.base/java.security.AccessController.doPrivileged(Native Method)
	at java.base/java.security.ProtectionDomain$JavaSecurityAccessImpl.doIntersectionPrivilege(ProtectionDomain.java:85)
	at java.desktop/javax.swing.RepaintManager.validateInvalidComponents(RepaintManager.java:742)
	at java.desktop/javax.swing.RepaintManager$ProcessingRunnable.run(RepaintManager.java:1889)
	at java.desktop/java.awt.event.InvocationEvent.dispatch(InvocationEvent.java:313)
	at java.desktop/java.awt.EventQueue.dispatchEventImpl(EventQueue.java:770)
	at java.desktop/java.awt.EventQueue$4.run(EventQueue.java:721)
	at java.desktop/java.awt.EventQueue$4.run(EventQueue.java:715)
	at java.base/java.security.AccessController.doPrivileged(Native Method)
	at java.base/java.security.ProtectionDomain$JavaSecurityAccessImpl.doIntersectionPrivilege(ProtectionDomain.java:85)
	at java.desktop/java.awt.EventQueue.dispatchEvent(EventQueue.java:740)
	at java.desktop/java.awt.EventDispatchThread.pumpOneEventForFilters(EventDispatchThread.java:203)
	at java.desktop/java.awt.EventDispatchThread.pumpEventsForFilter(EventDispatchThread.java:124)
	at java.desktop/java.awt.EventDispatchThread.pumpEventsForFilter(EventDispatchThread.java:117)
	at java.desktop/java.awt.WaitDispatchSupport$2.run(WaitDispatchSupport.java:190)
	at java.desktop/java.awt.event.InvocationEvent.dispatch(InvocationEvent.java:313)
	at java.desktop/java.awt.EventQueue.dispatchEventImpl(EventQueue.java:770)
	at java.desktop/java.awt.EventQueue$4.run(EventQueue.java:721)
	at java.desktop/java.awt.EventQueue$4.run(EventQueue.java:715)
	at java.base/java.security.AccessController.doPrivileged(Native Method)
	at java.base/java.security.ProtectionDomain$JavaSecurityAccessImpl.doIntersectionPrivilege(ProtectionDomain.java:85)
	at java.desktop/java.awt.EventQueue.dispatchEvent(EventQueue.java:740)
	at java.desktop/java.awt.EventDispatchThread.pumpOneEventForFilters(EventDispatchThread.java:203)
	at java.desktop/java.awt.EventDispatchThread.pumpEventsForFilter(EventDispatchThread.java:124)
	at java.desktop/java.awt.EventDispatchThread.pumpEventsForHierarchy(EventDispatchThread.java:113)
	at java.desktop/java.awt.EventDispatchThread.pumpEvents(EventDispatchThread.java:109)
	at java.desktop/java.awt.EventDispatchThread.pumpEvents(EventDispatchThread.java:101)
	at java.desktop/java.awt.EventDispatchThread.run(EventDispatchThread.java:90)
Sistema: Windows 10
Java: 11.0.15
JavaHome: C:\Arquivos de Programas RFB\IRPF2024\jre
Warning: Could not get charToByteConverterClass!
Sistema: Windows 10
Java: 11.0.15
JavaHome: C:\Arquivos de Programas RFB\IRPF2024\jre
Warning: Could not get charToByteConverterClass!
Sistema: Windows 10
Java: 11.0.15
JavaHome: C:\Arquivos de Programas RFB\IRPF2024\jre
Warning: Could not get charToByteConverterClass!
Sistema: Windows 10
Java: 11.0.15
JavaHome: C:\Arquivos de Programas RFB\IRPF2024\jre
Warning: Could not get charToByteConverterClass!
Sistema: Windows 10
Java: 11.0.15
JavaHome: C:\Arquivos de Programas RFB\IRPF2024\jre
Warning: Could not get charToByteConverterClass!
Sistema: Windows 10
Java: 11.0.15
JavaHome: C:\Arquivos de Programas RFB\IRPF2024\jre
Warning: Could not get charToByteConverterClass!
Sistema: Windows 10
Java: 11.0.15
JavaHome: C:\Arquivos de Programas RFB\IRPF2024\jre
Warning: Could not get charToByteConverterClass!
Sistema: Windows 10
Java: 11.0.15
JavaHome: C:\Arquivos de Programas RFB\IRPF2024\jre
Warning: Could not get charToByteConverterClass!
abr 01, 2024 1:20:26 PM serpro.ppgd.negocio.util.LogPPGD erro
GRAVE: Erro deletar arquivo.
abr 01, 2024 1:21:46 PM serpro.ppgd.negocio.util.LogPPGD erro
GRAVE: Erro ao excluir backup (não existe)
abr 01, 2024 1:21:46 PM serpro.ppgd.negocio.util.LogPPGD erro
GRAVE: Erro deletar arquivo.
Sistema: Windows 10
Java: 11.0.15
JavaHome: C:\Arquivos de Programas RFB\IRPF2024\jre
Warning: Could not get charToByteConverterClass!
abr 01, 2024 1:23:55 PM serpro.ppgd.negocio.util.LogPPGD erro
GRAVE: Erro deletar arquivo.
abr 01, 2024 1:24:45 PM serpro.ppgd.negocio.util.LogPPGD erro
GRAVE: Erro ao excluir backup (não existe)
abr 01, 2024 1:24:45 PM serpro.ppgd.negocio.util.LogPPGD erro
GRAVE: Erro deletar arquivo.
Sistema: Windows 10
Java: 11.0.15
JavaHome: C:\Arquivos de Programas RFB\IRPF2024\jre
Warning: Could not get charToByteConverterClass!
mai 24, 2024 9:02:51 AM serpro.ppgd.negocio.util.LogPPGD erro
GRAVE: null
mai 24, 2024 9:02:51 AM serpro.ppgd.negocio.util.LogPPGD erro
GRAVE: null
mai 24, 2024 9:02:51 AM serpro.ppgd.negocio.util.LogPPGD erro
GRAVE: null
mai 24, 2024 9:02:51 AM serpro.ppgd.negocio.util.LogPPGD erro
GRAVE: Erro deletar arquivo.
mai 24, 2024 9:02:51 AM serpro.ppgd.negocio.util.LogPPGD erro
GRAVE: null
mai 24, 2024 9:02:51 AM serpro.ppgd.negocio.util.LogPPGD erro
GRAVE: null
mai 24, 2024 9:02:51 AM serpro.ppgd.negocio.util.LogPPGD erro
GRAVE: null
mai 24, 2024 9:02:51 AM serpro.ppgd.negocio.util.LogPPGD erro
GRAVE: Erro ao excluir backup (não existe)
mai 24, 2024 9:02:51 AM serpro.ppgd.negocio.util.LogPPGD erro
GRAVE: Erro deletar arquivo.
mai 24, 2024 9:04:13 AM serpro.ppgd.negocio.util.LogPPGD erro
GRAVE: Erro ao excluir backup (não existe)
mai 24, 2024 9:04:13 AM serpro.ppgd.negocio.util.LogPPGD erro
GRAVE: Erro deletar arquivo.
mai 24, 2024 9:04:41 AM serpro.ppgd.negocio.util.LogPPGD erro
GRAVE: Erro ao excluir backup (não existe)
mai 24, 2024 9:04:41 AM serpro.ppgd.negocio.util.LogPPGD erro
GRAVE: Erro deletar arquivo.
Sistema: Windows 10
Java: 11.0.15
JavaHome: C:\Arquivos de Programas RFB\IRPF2024\jre
Sistema: Windows 10
Java: 11.0.15
JavaHome: C:\Arquivos de Programas RFB\IRPF2024\jre
Warning: Could not get charToByteConverterClass!
mai 24, 2024 11:41:30 AM serpro.ppgd.negocio.util.LogPPGD erro
GRAVE: Erro ao excluir backup (não existe)
mai 24, 2024 11:41:30 AM serpro.ppgd.negocio.util.LogPPGD erro
GRAVE: Erro deletar arquivo.
Sistema: Windows 10
Java: 11.0.15
JavaHome: C:\Arquivos de Programas RFB\IRPF2024\jre
Warning: Could not get charToByteConverterClass!
mai 24, 2024 11:43:11 AM serpro.ppgd.negocio.util.LogPPGD erro
GRAVE: Erro ao excluir backup (não existe)
mai 24, 2024 11:43:11 AM serpro.ppgd.negocio.util.LogPPGD erro
GRAVE: Erro deletar arquivo.
Sistema: Windows 10
Java: 11.0.15
JavaHome: C:\Arquivos de Programas RFB\IRPF2024\jre
Warning: Could not get charToByteConverterClass!
jun 17, 2024 7:57:28 PM serpro.ppgd.negocio.util.LogPPGD erro
GRAVE: Erro ao excluir backup (não existe)
jun 17, 2024 7:57:28 PM serpro.ppgd.negocio.util.LogPPGD erro
GRAVE: Erro deletar arquivo.
jun 17, 2024 7:57:41 PM serpro.ppgd.negocio.util.LogPPGD erro
GRAVE: Erro ao excluir backup (não existe)
jun 17, 2024 7:57:41 PM serpro.ppgd.negocio.util.LogPPGD erro
GRAVE: Erro deletar arquivo.
