Mar 07, 2022 9:14:46 PM br.gov.serpro.updater.PgdUpdater getLatestRelease
GRAVE: connect timed out
java.net.SocketTimeoutException: connect timed out
	at java.base/java.net.PlainSocketImpl.waitForConnect(Native Method)
	at java.base/java.net.PlainSocketImpl.socketConnect(Unknown Source)
	at java.base/java.net.AbstractPlainSocketImpl.doConnect(Unknown Source)
	at java.base/java.net.AbstractPlainSocketImpl.connectToAddress(Unknown Source)
	at java.base/java.net.AbstractPlainSocketImpl.connect(Unknown Source)
	at java.base/java.net.Socket.connect(Unknown Source)
	at java.base/sun.net.NetworkClient.doConnect(Unknown Source)
	at java.base/sun.net.www.http.HttpClient.openServer(Unknown Source)
	at java.base/sun.net.www.http.HttpClient.openServer(Unknown Source)
	at java.base/sun.net.www.http.HttpClient.<init>(Unknown Source)
	at java.base/sun.net.www.http.HttpClient.New(Unknown Source)
	at java.base/sun.net.www.http.HttpClient.New(Unknown Source)
	at java.base/sun.net.www.protocol.http.HttpURLConnection.getNewHttpClient(Unknown Source)
	at java.base/sun.net.www.protocol.http.HttpURLConnection.plainConnect0(Unknown Source)
	at java.base/sun.net.www.protocol.http.HttpURLConnection.plainConnect(Unknown Source)
	at java.base/sun.net.www.protocol.http.HttpURLConnection.connect(Unknown Source)
	at java.base/sun.net.www.protocol.http.HttpURLConnection.getInputStream0(Unknown Source)
	at java.base/sun.net.www.protocol.http.HttpURLConnection.getInputStream(Unknown Source)
	at jupar.parsers.ReleaseXMLParser.parse(ReleaseXMLParser.java:70)
	at br.gov.serpro.updater.PgdUpdater.getLatestRelease(PgdUpdater.java:503)
	at serpro.ppgd.irpf.util.update.IRPFUpdater.verificarUltimaVersao(IRPFUpdater.java:248)
	at serpro.ppgd.irpf.util.update.IRPFUpdater.verificarUltimaVersaoOnline(IRPFUpdater.java:293)
	at serpro.ppgd.app.acoes.VerificarNovaVersaoAction$1.doInBackground(VerificarNovaVersaoAction.java:70)
	at serpro.ppgd.app.acoes.VerificarNovaVersaoAction$1.doInBackground(VerificarNovaVersaoAction.java:1)
	at java.desktop/javax.swing.SwingWorker$1.call(Unknown Source)
	at java.base/java.util.concurrent.FutureTask.run(Unknown Source)
	at java.desktop/javax.swing.SwingWorker.run(Unknown Source)
	at java.base/java.util.concurrent.ThreadPoolExecutor.runWorker(Unknown Source)
	at java.base/java.util.concurrent.ThreadPoolExecutor$Worker.run(Unknown Source)
	at java.base/java.lang.Thread.run(Unknown Source)

Mar 11, 2022 2:20:24 PM br.gov.serpro.updater.PgdUpdater getLatestRelease
GRAVE: connect timed out
java.net.SocketTimeoutException: connect timed out
	at java.base/java.net.PlainSocketImpl.waitForConnect(Native Method)
	at java.base/java.net.PlainSocketImpl.socketConnect(Unknown Source)
	at java.base/java.net.AbstractPlainSocketImpl.doConnect(Unknown Source)
	at java.base/java.net.AbstractPlainSocketImpl.connectToAddress(Unknown Source)
	at java.base/java.net.AbstractPlainSocketImpl.connect(Unknown Source)
	at java.base/java.net.Socket.connect(Unknown Source)
	at java.base/sun.net.NetworkClient.doConnect(Unknown Source)
	at java.base/sun.net.www.http.HttpClient.openServer(Unknown Source)
	at java.base/sun.net.www.http.HttpClient.openServer(Unknown Source)
	at java.base/sun.net.www.http.HttpClient.<init>(Unknown Source)
	at java.base/sun.net.www.http.HttpClient.New(Unknown Source)
	at java.base/sun.net.www.http.HttpClient.New(Unknown Source)
	at java.base/sun.net.www.protocol.http.HttpURLConnection.getNewHttpClient(Unknown Source)
	at java.base/sun.net.www.protocol.http.HttpURLConnection.plainConnect0(Unknown Source)
	at java.base/sun.net.www.protocol.http.HttpURLConnection.plainConnect(Unknown Source)
	at java.base/sun.net.www.protocol.http.HttpURLConnection.connect(Unknown Source)
	at java.base/sun.net.www.protocol.http.HttpURLConnection.getInputStream0(Unknown Source)
	at java.base/sun.net.www.protocol.http.HttpURLConnection.getInputStream(Unknown Source)
	at jupar.parsers.ReleaseXMLParser.parse(ReleaseXMLParser.java:70)
	at br.gov.serpro.updater.PgdUpdater.getLatestRelease(PgdUpdater.java:503)
	at serpro.ppgd.irpf.util.update.IRPFUpdater.verificarUltimaVersao(IRPFUpdater.java:248)
	at serpro.ppgd.irpf.util.update.IRPFUpdater.verificarUltimaVersaoOnline(IRPFUpdater.java:293)
	at serpro.ppgd.app.acoes.VerificarNovaVersaoAction$1.doInBackground(VerificarNovaVersaoAction.java:70)
	at serpro.ppgd.app.acoes.VerificarNovaVersaoAction$1.doInBackground(VerificarNovaVersaoAction.java:1)
	at java.desktop/javax.swing.SwingWorker$1.call(Unknown Source)
	at java.base/java.util.concurrent.FutureTask.run(Unknown Source)
	at java.desktop/javax.swing.SwingWorker.run(Unknown Source)
	at java.base/java.util.concurrent.ThreadPoolExecutor.runWorker(Unknown Source)
	at java.base/java.util.concurrent.ThreadPoolExecutor$Worker.run(Unknown Source)
	at java.base/java.lang.Thread.run(Unknown Source)

Mar 11, 2022 3:29:34 PM br.gov.serpro.updater.PgdUpdater getLatestRelease
GRAVE: connect timed out
java.net.SocketTimeoutException: connect timed out
	at java.base/java.net.PlainSocketImpl.waitForConnect(Native Method)
	at java.base/java.net.PlainSocketImpl.socketConnect(Unknown Source)
	at java.base/java.net.AbstractPlainSocketImpl.doConnect(Unknown Source)
	at java.base/java.net.AbstractPlainSocketImpl.connectToAddress(Unknown Source)
	at java.base/java.net.AbstractPlainSocketImpl.connect(Unknown Source)
	at java.base/java.net.Socket.connect(Unknown Source)
	at java.base/sun.net.NetworkClient.doConnect(Unknown Source)
	at java.base/sun.net.www.http.HttpClient.openServer(Unknown Source)
	at java.base/sun.net.www.http.HttpClient.openServer(Unknown Source)
	at java.base/sun.net.www.http.HttpClient.<init>(Unknown Source)
	at java.base/sun.net.www.http.HttpClient.New(Unknown Source)
	at java.base/sun.net.www.http.HttpClient.New(Unknown Source)
	at java.base/sun.net.www.protocol.http.HttpURLConnection.getNewHttpClient(Unknown Source)
	at java.base/sun.net.www.protocol.http.HttpURLConnection.plainConnect0(Unknown Source)
	at java.base/sun.net.www.protocol.http.HttpURLConnection.plainConnect(Unknown Source)
	at java.base/sun.net.www.protocol.http.HttpURLConnection.connect(Unknown Source)
	at java.base/sun.net.www.protocol.http.HttpURLConnection.getInputStream0(Unknown Source)
	at java.base/sun.net.www.protocol.http.HttpURLConnection.getInputStream(Unknown Source)
	at jupar.parsers.ReleaseXMLParser.parse(ReleaseXMLParser.java:70)
	at br.gov.serpro.updater.PgdUpdater.getLatestRelease(PgdUpdater.java:503)
	at serpro.ppgd.irpf.util.update.IRPFUpdater.verificarUltimaVersao(IRPFUpdater.java:248)
	at serpro.ppgd.irpf.util.update.IRPFUpdater.verificarUltimaVersaoOnline(IRPFUpdater.java:293)
	at serpro.ppgd.app.acoes.VerificarNovaVersaoAction$1.doInBackground(VerificarNovaVersaoAction.java:70)
	at serpro.ppgd.app.acoes.VerificarNovaVersaoAction$1.doInBackground(VerificarNovaVersaoAction.java:1)
	at java.desktop/javax.swing.SwingWorker$1.call(Unknown Source)
	at java.base/java.util.concurrent.FutureTask.run(Unknown Source)
	at java.desktop/javax.swing.SwingWorker.run(Unknown Source)
	at java.base/java.util.concurrent.ThreadPoolExecutor.runWorker(Unknown Source)
	at java.base/java.util.concurrent.ThreadPoolExecutor$Worker.run(Unknown Source)
	at java.base/java.lang.Thread.run(Unknown Source)

Mar 11, 2022 3:34:52 PM br.gov.serpro.updater.PgdUpdater getLatestRelease
GRAVE: connect timed out
java.net.SocketTimeoutException: connect timed out
	at java.base/java.net.PlainSocketImpl.waitForConnect(Native Method)
	at java.base/java.net.PlainSocketImpl.socketConnect(Unknown Source)
	at java.base/java.net.AbstractPlainSocketImpl.doConnect(Unknown Source)
	at java.base/java.net.AbstractPlainSocketImpl.connectToAddress(Unknown Source)
	at java.base/java.net.AbstractPlainSocketImpl.connect(Unknown Source)
	at java.base/java.net.Socket.connect(Unknown Source)
	at java.base/sun.net.NetworkClient.doConnect(Unknown Source)
	at java.base/sun.net.www.http.HttpClient.openServer(Unknown Source)
	at java.base/sun.net.www.http.HttpClient.openServer(Unknown Source)
	at java.base/sun.net.www.http.HttpClient.<init>(Unknown Source)
	at java.base/sun.net.www.http.HttpClient.New(Unknown Source)
	at java.base/sun.net.www.http.HttpClient.New(Unknown Source)
	at java.base/sun.net.www.protocol.http.HttpURLConnection.getNewHttpClient(Unknown Source)
	at java.base/sun.net.www.protocol.http.HttpURLConnection.plainConnect0(Unknown Source)
	at java.base/sun.net.www.protocol.http.HttpURLConnection.plainConnect(Unknown Source)
	at java.base/sun.net.www.protocol.http.HttpURLConnection.connect(Unknown Source)
	at java.base/sun.net.www.protocol.http.HttpURLConnection.getInputStream0(Unknown Source)
	at java.base/sun.net.www.protocol.http.HttpURLConnection.getInputStream(Unknown Source)
	at jupar.parsers.ReleaseXMLParser.parse(ReleaseXMLParser.java:70)
	at br.gov.serpro.updater.PgdUpdater.getLatestRelease(PgdUpdater.java:503)
	at serpro.ppgd.irpf.util.update.IRPFUpdater.verificarUltimaVersao(IRPFUpdater.java:248)
	at serpro.ppgd.irpf.util.update.IRPFUpdater.verificarUltimaVersaoOnline(IRPFUpdater.java:293)
	at serpro.ppgd.app.acoes.VerificarNovaVersaoAction$1.doInBackground(VerificarNovaVersaoAction.java:70)
	at serpro.ppgd.app.acoes.VerificarNovaVersaoAction$1.doInBackground(VerificarNovaVersaoAction.java:1)
	at java.desktop/javax.swing.SwingWorker$1.call(Unknown Source)
	at java.base/java.util.concurrent.FutureTask.run(Unknown Source)
	at java.desktop/javax.swing.SwingWorker.run(Unknown Source)
	at java.base/java.util.concurrent.ThreadPoolExecutor.runWorker(Unknown Source)
	at java.base/java.util.concurrent.ThreadPoolExecutor$Worker.run(Unknown Source)
	at java.base/java.lang.Thread.run(Unknown Source)

Mar 11, 2022 3:50:16 PM br.gov.serpro.updater.PgdUpdater getLatestRelease
GRAVE: connect timed out
java.net.SocketTimeoutException: connect timed out
	at java.base/java.net.PlainSocketImpl.waitForConnect(Native Method)
	at java.base/java.net.PlainSocketImpl.socketConnect(Unknown Source)
	at java.base/java.net.AbstractPlainSocketImpl.doConnect(Unknown Source)
	at java.base/java.net.AbstractPlainSocketImpl.connectToAddress(Unknown Source)
	at java.base/java.net.AbstractPlainSocketImpl.connect(Unknown Source)
	at java.base/java.net.Socket.connect(Unknown Source)
	at java.base/sun.net.NetworkClient.doConnect(Unknown Source)
	at java.base/sun.net.www.http.HttpClient.openServer(Unknown Source)
	at java.base/sun.net.www.http.HttpClient.openServer(Unknown Source)
	at java.base/sun.net.www.http.HttpClient.<init>(Unknown Source)
	at java.base/sun.net.www.http.HttpClient.New(Unknown Source)
	at java.base/sun.net.www.http.HttpClient.New(Unknown Source)
	at java.base/sun.net.www.protocol.http.HttpURLConnection.getNewHttpClient(Unknown Source)
	at java.base/sun.net.www.protocol.http.HttpURLConnection.plainConnect0(Unknown Source)
	at java.base/sun.net.www.protocol.http.HttpURLConnection.plainConnect(Unknown Source)
	at java.base/sun.net.www.protocol.http.HttpURLConnection.connect(Unknown Source)
	at java.base/sun.net.www.protocol.http.HttpURLConnection.getInputStream0(Unknown Source)
	at java.base/sun.net.www.protocol.http.HttpURLConnection.getInputStream(Unknown Source)
	at jupar.parsers.ReleaseXMLParser.parse(ReleaseXMLParser.java:70)
	at br.gov.serpro.updater.PgdUpdater.getLatestRelease(PgdUpdater.java:503)
	at serpro.ppgd.irpf.util.update.IRPFUpdater.verificarUltimaVersao(IRPFUpdater.java:248)
	at serpro.ppgd.irpf.util.update.IRPFUpdater.verificarUltimaVersaoOnline(IRPFUpdater.java:293)
	at serpro.ppgd.app.acoes.VerificarNovaVersaoAction$1.doInBackground(VerificarNovaVersaoAction.java:70)
	at serpro.ppgd.app.acoes.VerificarNovaVersaoAction$1.doInBackground(VerificarNovaVersaoAction.java:1)
	at java.desktop/javax.swing.SwingWorker$1.call(Unknown Source)
	at java.base/java.util.concurrent.FutureTask.run(Unknown Source)
	at java.desktop/javax.swing.SwingWorker.run(Unknown Source)
	at java.base/java.util.concurrent.ThreadPoolExecutor.runWorker(Unknown Source)
	at java.base/java.util.concurrent.ThreadPoolExecutor$Worker.run(Unknown Source)
	at java.base/java.lang.Thread.run(Unknown Source)

Mar 20, 2022 3:40:13 PM br.gov.serpro.updater.PgdUpdater getLatestRelease
GRAVE: connect timed out
java.net.SocketTimeoutException: connect timed out
	at java.base/java.net.PlainSocketImpl.waitForConnect(Native Method)
	at java.base/java.net.PlainSocketImpl.socketConnect(Unknown Source)
	at java.base/java.net.AbstractPlainSocketImpl.doConnect(Unknown Source)
	at java.base/java.net.AbstractPlainSocketImpl.connectToAddress(Unknown Source)
	at java.base/java.net.AbstractPlainSocketImpl.connect(Unknown Source)
	at java.base/java.net.Socket.connect(Unknown Source)
	at java.base/sun.net.NetworkClient.doConnect(Unknown Source)
	at java.base/sun.net.www.http.HttpClient.openServer(Unknown Source)
	at java.base/sun.net.www.http.HttpClient.openServer(Unknown Source)
	at java.base/sun.net.www.http.HttpClient.<init>(Unknown Source)
	at java.base/sun.net.www.http.HttpClient.New(Unknown Source)
	at java.base/sun.net.www.http.HttpClient.New(Unknown Source)
	at java.base/sun.net.www.protocol.http.HttpURLConnection.getNewHttpClient(Unknown Source)
	at java.base/sun.net.www.protocol.http.HttpURLConnection.plainConnect0(Unknown Source)
	at java.base/sun.net.www.protocol.http.HttpURLConnection.plainConnect(Unknown Source)
	at java.base/sun.net.www.protocol.http.HttpURLConnection.connect(Unknown Source)
	at java.base/sun.net.www.protocol.http.HttpURLConnection.getInputStream0(Unknown Source)
	at java.base/sun.net.www.protocol.http.HttpURLConnection.getInputStream(Unknown Source)
	at jupar.parsers.ReleaseXMLParser.parse(ReleaseXMLParser.java:70)
	at br.gov.serpro.updater.PgdUpdater.getLatestRelease(PgdUpdater.java:503)
	at serpro.ppgd.irpf.util.update.IRPFUpdater.verificarUltimaVersao(IRPFUpdater.java:248)
	at serpro.ppgd.irpf.util.update.IRPFUpdater.verificarUltimaVersaoOnline(IRPFUpdater.java:293)
	at serpro.ppgd.app.acoes.VerificarNovaVersaoAction$1.doInBackground(VerificarNovaVersaoAction.java:70)
	at serpro.ppgd.app.acoes.VerificarNovaVersaoAction$1.doInBackground(VerificarNovaVersaoAction.java:1)
	at java.desktop/javax.swing.SwingWorker$1.call(Unknown Source)
	at java.base/java.util.concurrent.FutureTask.run(Unknown Source)
	at java.desktop/javax.swing.SwingWorker.run(Unknown Source)
	at java.base/java.util.concurrent.ThreadPoolExecutor.runWorker(Unknown Source)
	at java.base/java.util.concurrent.ThreadPoolExecutor$Worker.run(Unknown Source)
	at java.base/java.lang.Thread.run(Unknown Source)

Mar 27, 2022 5:26:36 PM br.gov.serpro.updater.PgdUpdater getLatestRelease
GRAVE: connect timed out
java.net.SocketTimeoutException: connect timed out
	at java.base/java.net.PlainSocketImpl.waitForConnect(Native Method)
	at java.base/java.net.PlainSocketImpl.socketConnect(Unknown Source)
	at java.base/java.net.AbstractPlainSocketImpl.doConnect(Unknown Source)
	at java.base/java.net.AbstractPlainSocketImpl.connectToAddress(Unknown Source)
	at java.base/java.net.AbstractPlainSocketImpl.connect(Unknown Source)
	at java.base/java.net.Socket.connect(Unknown Source)
	at java.base/sun.net.NetworkClient.doConnect(Unknown Source)
	at java.base/sun.net.www.http.HttpClient.openServer(Unknown Source)
	at java.base/sun.net.www.http.HttpClient.openServer(Unknown Source)
	at java.base/sun.net.www.http.HttpClient.<init>(Unknown Source)
	at java.base/sun.net.www.http.HttpClient.New(Unknown Source)
	at java.base/sun.net.www.http.HttpClient.New(Unknown Source)
	at java.base/sun.net.www.protocol.http.HttpURLConnection.getNewHttpClient(Unknown Source)
	at java.base/sun.net.www.protocol.http.HttpURLConnection.plainConnect0(Unknown Source)
	at java.base/sun.net.www.protocol.http.HttpURLConnection.plainConnect(Unknown Source)
	at java.base/sun.net.www.protocol.http.HttpURLConnection.connect(Unknown Source)
	at java.base/sun.net.www.protocol.http.HttpURLConnection.getInputStream0(Unknown Source)
	at java.base/sun.net.www.protocol.http.HttpURLConnection.getInputStream(Unknown Source)
	at jupar.parsers.ReleaseXMLParser.parse(ReleaseXMLParser.java:70)
	at br.gov.serpro.updater.PgdUpdater.getLatestRelease(PgdUpdater.java:503)
	at serpro.ppgd.irpf.util.update.IRPFUpdater.verificarUltimaVersao(IRPFUpdater.java:248)
	at serpro.ppgd.irpf.util.update.IRPFUpdater.verificarUltimaVersaoOnline(IRPFUpdater.java:293)
	at serpro.ppgd.app.acoes.VerificarNovaVersaoAction$1.doInBackground(VerificarNovaVersaoAction.java:70)
	at serpro.ppgd.app.acoes.VerificarNovaVersaoAction$1.doInBackground(VerificarNovaVersaoAction.java:1)
	at java.desktop/javax.swing.SwingWorker$1.call(Unknown Source)
	at java.base/java.util.concurrent.FutureTask.run(Unknown Source)
	at java.desktop/javax.swing.SwingWorker.run(Unknown Source)
	at java.base/java.util.concurrent.ThreadPoolExecutor.runWorker(Unknown Source)
	at java.base/java.util.concurrent.ThreadPoolExecutor$Worker.run(Unknown Source)
	at java.base/java.lang.Thread.run(Unknown Source)

Mar 27, 2022 5:36:17 PM serpro.ppgd.irpf.util.update.IRPFUpdater download
INFORMAÇÕES: Iniciando download de arquivos internos: [MSGS, LINKS].
Mar 27, 2022 5:36:17 PM br.gov.serpro.updater.PgdUpdater executarDownload
INFORMAÇÕES: Iniciando download dos pacotes de instalação: '[Ljava.lang.String;@16cd833'.
Mar 27, 2022 5:36:17 PM br.gov.serpro.updater.PgdUpdater registerUpdateStatus
INFORMAÇÕES: Registrando estado atual:Downloading
Mar 27, 2022 5:36:17 PM br.gov.serpro.updater.PgdUpdater registerUpdateStatus
INFORMAÇÕES: Registrando estado atual:DownloadCompleted
Mar 27, 2022 5:36:17 PM br.gov.serpro.updater.PgdUpdater updateFiles
INFORMAÇÕES: Iniciando decompactação dos arquivos do pacote na pasta temporária: 'C:\Users\fegro\.irpf\tmp_IRPF2022'.
Mar 27, 2022 5:36:17 PM br.gov.serpro.updater.PgdUpdater registerUpdateStatus
INFORMAÇÕES: Registrando estado atual:Updtating
Mar 27, 2022 5:36:17 PM br.gov.serpro.updater.PgdUpdater updateFiles
INFORMAÇÕES: Iniciando a atualização dos arquivos.
Mar 27, 2022 5:36:17 PM br.gov.serpro.updater.PgdUpdater registerUpdateStatus
INFORMAÇÕES: Registrando estado atual:Updtating
Mar 27, 2022 5:36:17 PM br.gov.serpro.updater.PgdUpdater registerUpdateStatus
INFORMAÇÕES: Registrando estado atual:UpdateCompleted
Mar 27, 2022 5:36:17 PM br.gov.serpro.updater.PgdUpdater registerUpdateStatus
INFORMAÇÕES: Registrando estado atual:NotStarted
May 23, 2022 9:47:38 PM serpro.ppgd.irpf.util.update.IRPFUpdater download
INFORMAÇÕES: Iniciando download da versão: 1.6 (Opcional). Versão Atual: 1.2.
May 23, 2022 9:47:38 PM br.gov.serpro.updater.PgdUpdater executarDownload
INFORMAÇÕES: Iniciando download dos pacotes de instalação: '[Ljava.lang.String;@b43f8a'.
May 23, 2022 9:47:38 PM br.gov.serpro.updater.PgdUpdater registerUpdateStatus
INFORMAÇÕES: Registrando estado atual:Downloading
May 23, 2022 9:47:40 PM br.gov.serpro.updater.PgdUpdater registerUpdateStatus
INFORMAÇÕES: Registrando estado atual:DownloadCompleted
May 23, 2022 9:47:45 PM br.gov.serpro.updater.PgdUpdater updateFiles
INFORMAÇÕES: Iniciando decompactação dos arquivos do pacote na pasta temporária: 'C:\Users\fegro\.irpf\tmp_IRPF2022'.
May 23, 2022 9:47:45 PM br.gov.serpro.updater.PgdUpdater registerUpdateStatus
INFORMAÇÕES: Registrando estado atual:Updtating
May 23, 2022 9:47:45 PM br.gov.serpro.updater.PgdUpdater updateFiles
INFORMAÇÕES: Iniciando a atualização dos arquivos.
May 23, 2022 9:47:45 PM br.gov.serpro.updater.PgdUpdater registerUpdateStatus
INFORMAÇÕES: Registrando estado atual:Updtating
May 23, 2022 9:47:46 PM br.gov.serpro.updater.PgdUpdater registerUpdateStatus
INFORMAÇÕES: Registrando estado atual:UpdateCompleted
May 23, 2022 9:47:49 PM serpro.ppgd.irpf.util.update.IRPFUpdater download
INFORMAÇÕES: Iniciando download de arquivos internos: [MSGS, LINKS, CFVAL].
May 23, 2022 9:47:49 PM br.gov.serpro.updater.PgdUpdater executarDownload
INFORMAÇÕES: Iniciando download dos pacotes de instalação: '[Ljava.lang.String;@167541a'.
May 23, 2022 9:47:49 PM br.gov.serpro.updater.PgdUpdater registerUpdateStatus
INFORMAÇÕES: Registrando estado atual:Downloading
May 23, 2022 9:47:49 PM br.gov.serpro.updater.PgdUpdater registerUpdateStatus
INFORMAÇÕES: Registrando estado atual:DownloadCompleted
May 23, 2022 9:47:49 PM br.gov.serpro.updater.PgdUpdater updateFiles
INFORMAÇÕES: Iniciando decompactação dos arquivos do pacote na pasta temporária: 'C:\Users\fegro\.irpf\tmp_IRPF2022'.
May 23, 2022 9:47:49 PM br.gov.serpro.updater.PgdUpdater registerUpdateStatus
INFORMAÇÕES: Registrando estado atual:Updtating
May 23, 2022 9:47:49 PM br.gov.serpro.updater.PgdUpdater updateFiles
INFORMAÇÕES: Iniciando a atualização dos arquivos.
May 23, 2022 9:47:49 PM br.gov.serpro.updater.PgdUpdater registerUpdateStatus
INFORMAÇÕES: Registrando estado atual:Updtating
May 23, 2022 9:47:49 PM br.gov.serpro.updater.PgdUpdater registerUpdateStatus
INFORMAÇÕES: Registrando estado atual:UpdateCompleted
May 23, 2022 9:47:49 PM br.gov.serpro.updater.PgdUpdater registerUpdateStatus
INFORMAÇÕES: Registrando estado atual:NotStarted
Oct 18, 2022 8:09:31 AM serpro.ppgd.irpf.util.update.IRPFUpdater download
INFORMAÇÕES: Iniciando download da versão: 1.8 (Opcional). Versão Atual: 1.6.
Oct 18, 2022 8:09:31 AM br.gov.serpro.updater.PgdUpdater executarDownload
INFORMAÇÕES: Iniciando download dos pacotes de instalação: '[Ljava.lang.String;@13fb2e2'.
Oct 18, 2022 8:09:31 AM br.gov.serpro.updater.PgdUpdater registerUpdateStatus
INFORMAÇÕES: Registrando estado atual:Downloading
Oct 18, 2022 8:09:33 AM br.gov.serpro.updater.PgdUpdater registerUpdateStatus
INFORMAÇÕES: Registrando estado atual:DownloadCompleted
Oct 18, 2022 8:09:35 AM br.gov.serpro.updater.PgdUpdater updateFiles
INFORMAÇÕES: Iniciando decompactação dos arquivos do pacote na pasta temporária: 'C:\Users\fegro\.irpf\tmp_IRPF2022'.
Oct 18, 2022 8:09:35 AM br.gov.serpro.updater.PgdUpdater registerUpdateStatus
INFORMAÇÕES: Registrando estado atual:Updtating
Oct 18, 2022 8:09:35 AM br.gov.serpro.updater.PgdUpdater updateFiles
INFORMAÇÕES: Iniciando a atualização dos arquivos.
Oct 18, 2022 8:09:35 AM br.gov.serpro.updater.PgdUpdater registerUpdateStatus
INFORMAÇÕES: Registrando estado atual:Updtating
Oct 18, 2022 8:09:36 AM br.gov.serpro.updater.PgdUpdater registerUpdateStatus
INFORMAÇÕES: Registrando estado atual:UpdateCompleted
